/Users/joost/.local/share/virtualenvs/vrp-2gjZFYz3/bin/python "/Users/joost/Library/Application Support/JetBrains/Toolbox/apps/PyCharm-P/ch-0/201.7223.92/PyCharm.app/Contents/plugins/python/helpers/pydev/pydevconsole.py" --mode=client --port=60639
import sys; print('Python %s on %s' % (sys.version, sys.platform))
sys.path.extend(['/Users/joost/Projects/udemy/vrp'])
PyDev console: starting.
Python 3.8.0 (v3.8.0:fa919fdf25, Oct 14 2019, 10:23:27)
[Clang 6.0 (clang-600.0.57)] on darwin
>>> runfile('/Users/joost/Projects/udemy/vrp/VRP/VRP-using-TS.py', wdir='/Users/joost/Projects/udemy/vrp/VRP')
DYNAMIC TABU LIST WITH ASPIRATION BEST SO FAR and MULTI-RESTART WITH MUTATION
Initial Distance: 1558.2869666117285
Initial Random Solution: [24, 26, 22, 31, 11, 16, 25, 30, 34, 12, 14, 1, 20, 39, 15, 5, 36, 13, 18, 19, 32, 38, 28, 10, 9, 23, 33, 21, 7, 4, 40, 35, 2, 17, 8, 6, 37, 3, 29, 27, 41]
--> This is the 1 th Iteration <--
--> This is the 2 th Iteration <--
--> This is the 3 th Iteration <--
--> This is the 4 th Iteration <--
--> This is the 5 th Iteration <--
--> This is the 6 th Iteration <--
--> This is the 7 th Iteration <--
--> This is the 8 th Iteration <--
--> This is the 9 th Iteration <--
--> This is the 10 th Iteration <--
--> This is the 11 th Iteration <--
--> This is the 12 th Iteration <--
--> This is the 13 th Iteration <--
--> This is the 14 th Iteration <--
--> This is the 15 th Iteration <--
--> This is the 16 th Iteration <--
--> This is the 17 th Iteration <--
--> This is the 18 th Iteration <--
--> This is the 19 th Iteration <--
--> This is the 20 th Iteration <--
--> This is the 21 th Iteration <--
--> This is the 22 th Iteration <--
--> This is the 23 th Iteration <--
--> This is the 24 th Iteration <--
--> This is the 25 th Iteration <--
--> This is the 26 th Iteration <--
--> This is the 27 th Iteration <--
--> This is the 28 th Iteration <--
--> This is the 29 th Iteration <--
--> This is the 30 th Iteration <--
--> This is the 31 th Iteration <--
--> This is the 32 th Iteration <--
--> This is the 33 th Iteration <--
--> This is the 34 th Iteration <--
--> This is the 35 th Iteration <--
--> This is the 36 th Iteration <--
--> This is the 37 th Iteration <--
--> This is the 38 th Iteration <--
--> This is the 39 th Iteration <--
--> This is the 40 th Iteration <--
--> This is the 41 th Iteration <--
--> This is the 42 th Iteration <--
--> This is the 43 th Iteration <--
--> This is the 44 th Iteration <--
--> This is the 45 th Iteration <--
--> This is the 46 th Iteration <--
--> This is the 47 th Iteration <--
--> This is the 48 th Iteration <--
--> This is the 49 th Iteration <--
--> This is the 50 th Iteration <--
--> This is the 51 th Iteration <--
--> This is the 52 th Iteration <--
--> This is the 53 th Iteration <--
--> This is the 54 th Iteration <--
--> This is the 55 th Iteration <--
--> This is the 56 th Iteration <--
--> This is the 57 th Iteration <--
--> This is the 58 th Iteration <--
--> This is the 59 th Iteration <--
--> This is the 60 th Iteration <--
Go Back to Best-So-Far
--> This is the 61 th Iteration <--
--> This is the 62 th Iteration <--
--> This is the 63 th Iteration <--
--> This is the 64 th Iteration <--
--> This is the 65 th Iteration <--
--> This is the 66 th Iteration <--
--> This is the 67 th Iteration <--
--> This is the 68 th Iteration <--
--> This is the 69 th Iteration <--
--> This is the 70 th Iteration <--
--> This is the 71 th Iteration <--
--> This is the 72 th Iteration <--
--> This is the 73 th Iteration <--
--> This is the 74 th Iteration <--
--> This is the 75 th Iteration <--
--> This is the 76 th Iteration <--
--> This is the 77 th Iteration <--
--> This is the 78 th Iteration <--
--> This is the 79 th Iteration <--
--> This is the 80 th Iteration <--
--> This is the 81 th Iteration <--
--> This is the 82 th Iteration <--
--> This is the 83 th Iteration <--
--> This is the 84 th Iteration <--
--> This is the 85 th Iteration <--
--> This is the 86 th Iteration <--
--> This is the 87 th Iteration <--
--> This is the 88 th Iteration <--
--> This is the 89 th Iteration <--
--> This is the 90 th Iteration <--
Go Back to Best-So-Far
--> This is the 91 th Iteration <--
--> This is the 92 th Iteration <--
--> This is the 93 th Iteration <--
--> This is the 94 th Iteration <--
--> This is the 95 th Iteration <--
--> This is the 96 th Iteration <--
--> This is the 97 th Iteration <--
--> This is the 98 th Iteration <--
--> This is the 99 th Iteration <--
--> This is the 100 th Iteration <--
--> This is the 101 th Iteration <--
--> This is the 102 th Iteration <--
--> This is the 103 th Iteration <--
--> This is the 104 th Iteration <--
--> This is the 105 th Iteration <--
--> This is the 106 th Iteration <--
--> This is the 107 th Iteration <--
--> This is the 108 th Iteration <--
--> This is the 109 th Iteration <--
--> This is the 110 th Iteration <--
--> This is the 111 th Iteration <--
--> This is the 112 th Iteration <--
--> This is the 113 th Iteration <--
--> This is the 114 th Iteration <--
--> This is the 115 th Iteration <--
--> This is the 116 th Iteration <--
--> This is the 117 th Iteration <--
--> This is the 118 th Iteration <--
--> This is the 119 th Iteration <--
--> This is the 120 th Iteration <--
--> This is the 121 th Iteration <--
--> This is the 122 th Iteration <--
--> This is the 123 th Iteration <--
--> This is the 124 th Iteration <--
--> This is the 125 th Iteration <--
--> This is the 126 th Iteration <--
--> This is the 127 th Iteration <--
--> This is the 128 th Iteration <--
--> This is the 129 th Iteration <--
--> This is the 130 th Iteration <--
--> This is the 131 th Iteration <--
--> This is the 132 th Iteration <--
--> This is the 133 th Iteration <--
--> This is the 134 th Iteration <--
--> This is the 135 th Iteration <--
--> This is the 136 th Iteration <--
--> This is the 137 th Iteration <--
--> This is the 138 th Iteration <--
--> This is the 139 th Iteration <--
--> This is the 140 th Iteration <--
--> This is the 141 th Iteration <--
--> This is the 142 th Iteration <--
--> This is the 143 th Iteration <--
--> This is the 144 th Iteration <--
--> This is the 145 th Iteration <--
--> This is the 146 th Iteration <--
--> This is the 147 th Iteration <--
--> This is the 148 th Iteration <--
--> This is the 149 th Iteration <--
--> This is the 150 th Iteration <--
Go Back to Best-So-Far
--> This is the 151 th Iteration <--
--> This is the 152 th Iteration <--
--> This is the 153 th Iteration <--
--> This is the 154 th Iteration <--
--> This is the 155 th Iteration <--
--> This is the 156 th Iteration <--
--> This is the 157 th Iteration <--
--> This is the 158 th Iteration <--
--> This is the 159 th Iteration <--
--> This is the 160 th Iteration <--
--> This is the 161 th Iteration <--
--> This is the 162 th Iteration <--
--> This is the 163 th Iteration <--
--> This is the 164 th Iteration <--
--> This is the 165 th Iteration <--
--> This is the 166 th Iteration <--
--> This is the 167 th Iteration <--
--> This is the 168 th Iteration <--
--> This is the 169 th Iteration <--
--> This is the 170 th Iteration <--
--> This is the 171 th Iteration <--
--> This is the 172 th Iteration <--
--> This is the 173 th Iteration <--
--> This is the 174 th Iteration <--
--> This is the 175 th Iteration <--
--> This is the 176 th Iteration <--
--> This is the 177 th Iteration <--
--> This is the 178 th Iteration <--
--> This is the 179 th Iteration <--
--> This is the 180 th Iteration <--
Go Back to Best-So-Far
--> This is the 181 th Iteration <--
--> This is the 182 th Iteration <--
--> This is the 183 th Iteration <--
--> This is the 184 th Iteration <--
--> This is the 185 th Iteration <--
--> This is the 186 th Iteration <--
--> This is the 187 th Iteration <--
--> This is the 188 th Iteration <--
--> This is the 189 th Iteration <--
--> This is the 190 th Iteration <--
--> This is the 191 th Iteration <--
--> This is the 192 th Iteration <--
--> This is the 193 th Iteration <--
--> This is the 194 th Iteration <--
--> This is the 195 th Iteration <--
--> This is the 196 th Iteration <--
--> This is the 197 th Iteration <--
--> This is the 198 th Iteration <--
--> This is the 199 th Iteration <--
--> This is the 200 th Iteration <--
--> This is the 201 th Iteration <--
--> This is the 202 th Iteration <--
--> This is the 203 th Iteration <--
--> This is the 204 th Iteration <--
--> This is the 205 th Iteration <--
--> This is the 206 th Iteration <--
--> This is the 207 th Iteration <--
--> This is the 208 th Iteration <--
--> This is the 209 th Iteration <--
--> This is the 210 th Iteration <--
Go Back to Best-So-Far
--> This is the 211 th Iteration <--
--> This is the 212 th Iteration <--
--> This is the 213 th Iteration <--
--> This is the 214 th Iteration <--
--> This is the 215 th Iteration <--
--> This is the 216 th Iteration <--
--> This is the 217 th Iteration <--
--> This is the 218 th Iteration <--
--> This is the 219 th Iteration <--
--> This is the 220 th Iteration <--
--> This is the 221 th Iteration <--
--> This is the 222 th Iteration <--
--> This is the 223 th Iteration <--
--> This is the 224 th Iteration <--
--> This is the 225 th Iteration <--
--> This is the 226 th Iteration <--
--> This is the 227 th Iteration <--
--> This is the 228 th Iteration <--
--> This is the 229 th Iteration <--
--> This is the 230 th Iteration <--
--> This is the 231 th Iteration <--
--> This is the 232 th Iteration <--
--> This is the 233 th Iteration <--
--> This is the 234 th Iteration <--
--> This is the 235 th Iteration <--
--> This is the 236 th Iteration <--
--> This is the 237 th Iteration <--
--> This is the 238 th Iteration <--
--> This is the 239 th Iteration <--
--> This is the 240 th Iteration <--
Go Back to Best-So-Far
--> This is the 241 th Iteration <--
--> This is the 242 th Iteration <--
--> This is the 243 th Iteration <--
--> This is the 244 th Iteration <--
--> This is the 245 th Iteration <--
--> This is the 246 th Iteration <--
--> This is the 247 th Iteration <--
--> This is the 248 th Iteration <--
--> This is the 249 th Iteration <--
--> This is the 250 th Iteration <--
--> This is the 251 th Iteration <--
--> This is the 252 th Iteration <--
--> This is the 253 th Iteration <--
--> This is the 254 th Iteration <--
--> This is the 255 th Iteration <--
--> This is the 256 th Iteration <--
--> This is the 257 th Iteration <--
--> This is the 258 th Iteration <--
--> This is the 259 th Iteration <--
--> This is the 260 th Iteration <--
--> This is the 261 th Iteration <--
--> This is the 262 th Iteration <--
--> This is the 263 th Iteration <--
--> This is the 264 th Iteration <--
--> This is the 265 th Iteration <--
--> This is the 266 th Iteration <--
--> This is the 267 th Iteration <--
--> This is the 268 th Iteration <--
--> This is the 269 th Iteration <--
--> This is the 270 th Iteration <--
Go Back to Best-So-Far
--> This is the 271 th Iteration <--
--> This is the 272 th Iteration <--
--> This is the 273 th Iteration <--
--> This is the 274 th Iteration <--
--> This is the 275 th Iteration <--
--> This is the 276 th Iteration <--
--> This is the 277 th Iteration <--
--> This is the 278 th Iteration <--
--> This is the 279 th Iteration <--
--> This is the 280 th Iteration <--
--> This is the 281 th Iteration <--
--> This is the 282 th Iteration <--
--> This is the 283 th Iteration <--
--> This is the 284 th Iteration <--
--> This is the 285 th Iteration <--
--> This is the 286 th Iteration <--
--> This is the 287 th Iteration <--
--> This is the 288 th Iteration <--
--> This is the 289 th Iteration <--
--> This is the 290 th Iteration <--
--> This is the 291 th Iteration <--
--> This is the 292 th Iteration <--
--> This is the 293 th Iteration <--
--> This is the 294 th Iteration <--
--> This is the 295 th Iteration <--
--> This is the 296 th Iteration <--
--> This is the 297 th Iteration <--
--> This is the 298 th Iteration <--
--> This is the 299 th Iteration <--
--> This is the 300 th Iteration <--
Go Back to Best-So-Far
--> This is the 301 th Iteration <--
--> This is the 302 th Iteration <--
--> This is the 303 th Iteration <--
--> This is the 304 th Iteration <--
--> This is the 305 th Iteration <--
--> This is the 306 th Iteration <--
--> This is the 307 th Iteration <--
--> This is the 308 th Iteration <--
--> This is the 309 th Iteration <--
--> This is the 310 th Iteration <--
--> This is the 311 th Iteration <--
--> This is the 312 th Iteration <--
--> This is the 313 th Iteration <--
--> This is the 314 th Iteration <--
--> This is the 315 th Iteration <--
--> This is the 316 th Iteration <--
--> This is the 317 th Iteration <--
--> This is the 318 th Iteration <--
--> This is the 319 th Iteration <--
--> This is the 320 th Iteration <--
--> This is the 321 th Iteration <--
--> This is the 322 th Iteration <--
--> This is the 323 th Iteration <--
--> This is the 324 th Iteration <--
--> This is the 325 th Iteration <--
--> This is the 326 th Iteration <--
--> This is the 327 th Iteration <--
--> This is the 328 th Iteration <--
--> This is the 329 th Iteration <--
--> This is the 330 th Iteration <--
Go Back to Best-So-Far
--> This is the 331 th Iteration <--
--> This is the 332 th Iteration <--
--> This is the 333 th Iteration <--
--> This is the 334 th Iteration <--
--> This is the 335 th Iteration <--
--> This is the 336 th Iteration <--
--> This is the 337 th Iteration <--
--> This is the 338 th Iteration <--
--> This is the 339 th Iteration <--
--> This is the 340 th Iteration <--
--> This is the 341 th Iteration <--
--> This is the 342 th Iteration <--
--> This is the 343 th Iteration <--
--> This is the 344 th Iteration <--
--> This is the 345 th Iteration <--
--> This is the 346 th Iteration <--
--> This is the 347 th Iteration <--
--> This is the 348 th Iteration <--
--> This is the 349 th Iteration <--
--> This is the 350 th Iteration <--
--> This is the 351 th Iteration <--
--> This is the 352 th Iteration <--
--> This is the 353 th Iteration <--
--> This is the 354 th Iteration <--
--> This is the 355 th Iteration <--
--> This is the 356 th Iteration <--
--> This is the 357 th Iteration <--
--> This is the 358 th Iteration <--
--> This is the 359 th Iteration <--
--> This is the 360 th Iteration <--
Go Back to Best-So-Far
--> This is the 361 th Iteration <--
--> This is the 362 th Iteration <--
--> This is the 363 th Iteration <--
--> This is the 364 th Iteration <--
--> This is the 365 th Iteration <--
--> This is the 366 th Iteration <--
--> This is the 367 th Iteration <--
--> This is the 368 th Iteration <--
--> This is the 369 th Iteration <--
--> This is the 370 th Iteration <--
--> This is the 371 th Iteration <--
--> This is the 372 th Iteration <--
--> This is the 373 th Iteration <--
--> This is the 374 th Iteration <--
--> This is the 375 th Iteration <--
--> This is the 376 th Iteration <--
--> This is the 377 th Iteration <--
--> This is the 378 th Iteration <--
--> This is the 379 th Iteration <--
--> This is the 380 th Iteration <--
--> This is the 381 th Iteration <--
--> This is the 382 th Iteration <--
--> This is the 383 th Iteration <--
--> This is the 384 th Iteration <--
--> This is the 385 th Iteration <--
--> This is the 386 th Iteration <--
--> This is the 387 th Iteration <--
--> This is the 388 th Iteration <--
--> This is the 389 th Iteration <--
--> This is the 390 th Iteration <--
Go Back to Best-So-Far
--> This is the 391 th Iteration <--
--> This is the 392 th Iteration <--
--> This is the 393 th Iteration <--
--> This is the 394 th Iteration <--
--> This is the 395 th Iteration <--
--> This is the 396 th Iteration <--
--> This is the 397 th Iteration <--
--> This is the 398 th Iteration <--
--> This is the 399 th Iteration <--
--> This is the 400 th Iteration <--
--> This is the 401 th Iteration <--
--> This is the 402 th Iteration <--
--> This is the 403 th Iteration <--
--> This is the 404 th Iteration <--
--> This is the 405 th Iteration <--
--> This is the 406 th Iteration <--
--> This is the 407 th Iteration <--
--> This is the 408 th Iteration <--
--> This is the 409 th Iteration <--
--> This is the 410 th Iteration <--
--> This is the 411 th Iteration <--
--> This is the 412 th Iteration <--
--> This is the 413 th Iteration <--
--> This is the 414 th Iteration <--
--> This is the 415 th Iteration <--
--> This is the 416 th Iteration <--
--> This is the 417 th Iteration <--
--> This is the 418 th Iteration <--
--> This is the 419 th Iteration <--
--> This is the 420 th Iteration <--
Go Back to Best-So-Far
--> This is the 421 th Iteration <--
--> This is the 422 th Iteration <--
--> This is the 423 th Iteration <--
--> This is the 424 th Iteration <--
--> This is the 425 th Iteration <--
--> This is the 426 th Iteration <--
--> This is the 427 th Iteration <--
--> This is the 428 th Iteration <--
--> This is the 429 th Iteration <--
--> This is the 430 th Iteration <--
--> This is the 431 th Iteration <--
--> This is the 432 th Iteration <--
--> This is the 433 th Iteration <--
--> This is the 434 th Iteration <--
--> This is the 435 th Iteration <--
--> This is the 436 th Iteration <--
--> This is the 437 th Iteration <--
--> This is the 438 th Iteration <--
--> This is the 439 th Iteration <--
--> This is the 440 th Iteration <--
--> This is the 441 th Iteration <--
--> This is the 442 th Iteration <--
--> This is the 443 th Iteration <--
--> This is the 444 th Iteration <--
--> This is the 445 th Iteration <--
--> This is the 446 th Iteration <--
--> This is the 447 th Iteration <--
--> This is the 448 th Iteration <--
--> This is the 449 th Iteration <--
--> This is the 450 th Iteration <--
Go Back to Best-So-Far
--> This is the 451 th Iteration <--
--> This is the 452 th Iteration <--
--> This is the 453 th Iteration <--
--> This is the 454 th Iteration <--
--> This is the 455 th Iteration <--
--> This is the 456 th Iteration <--
--> This is the 457 th Iteration <--
--> This is the 458 th Iteration <--
--> This is the 459 th Iteration <--
--> This is the 460 th Iteration <--
--> This is the 461 th Iteration <--
--> This is the 462 th Iteration <--
--> This is the 463 th Iteration <--
--> This is the 464 th Iteration <--
--> This is the 465 th Iteration <--
--> This is the 466 th Iteration <--
--> This is the 467 th Iteration <--
--> This is the 468 th Iteration <--
--> This is the 469 th Iteration <--
--> This is the 470 th Iteration <--
--> This is the 471 th Iteration <--
--> This is the 472 th Iteration <--
--> This is the 473 th Iteration <--
--> This is the 474 th Iteration <--
--> This is the 475 th Iteration <--
--> This is the 476 th Iteration <--
--> This is the 477 th Iteration <--
--> This is the 478 th Iteration <--
--> This is the 479 th Iteration <--
--> This is the 480 th Iteration <--
Go Back to Best-So-Far
--> This is the 481 th Iteration <--
--> This is the 482 th Iteration <--
--> This is the 483 th Iteration <--
--> This is the 484 th Iteration <--
--> This is the 485 th Iteration <--
--> This is the 486 th Iteration <--
--> This is the 487 th Iteration <--
--> This is the 488 th Iteration <--
--> This is the 489 th Iteration <--
--> This is the 490 th Iteration <--
--> This is the 491 th Iteration <--
--> This is the 492 th Iteration <--
--> This is the 493 th Iteration <--
--> This is the 494 th Iteration <--
--> This is the 495 th Iteration <--
--> This is the 496 th Iteration <--
--> This is the 497 th Iteration <--
--> This is the 498 th Iteration <--
--> This is the 499 th Iteration <--
--> This is the 500 th Iteration <--
--> This is the 501 th Iteration <--
--> This is the 502 th Iteration <--
--> This is the 503 th Iteration <--
--> This is the 504 th Iteration <--
--> This is the 505 th Iteration <--
--> This is the 506 th Iteration <--
--> This is the 507 th Iteration <--
--> This is the 508 th Iteration <--
--> This is the 509 th Iteration <--
--> This is the 510 th Iteration <--
Go Back to Best-So-Far
--> This is the 511 th Iteration <--
--> This is the 512 th Iteration <--
--> This is the 513 th Iteration <--
--> This is the 514 th Iteration <--
--> This is the 515 th Iteration <--
--> This is the 516 th Iteration <--
--> This is the 517 th Iteration <--
--> This is the 518 th Iteration <--
--> This is the 519 th Iteration <--
--> This is the 520 th Iteration <--
--> This is the 521 th Iteration <--
--> This is the 522 th Iteration <--
--> This is the 523 th Iteration <--
--> This is the 524 th Iteration <--
--> This is the 525 th Iteration <--
--> This is the 526 th Iteration <--
--> This is the 527 th Iteration <--
--> This is the 528 th Iteration <--
--> This is the 529 th Iteration <--
--> This is the 530 th Iteration <--
--> This is the 531 th Iteration <--
--> This is the 532 th Iteration <--
--> This is the 533 th Iteration <--
--> This is the 534 th Iteration <--
--> This is the 535 th Iteration <--
--> This is the 536 th Iteration <--
--> This is the 537 th Iteration <--
--> This is the 538 th Iteration <--
--> This is the 539 th Iteration <--
--> This is the 540 th Iteration <--
Go Back to Best-So-Far
--> This is the 541 th Iteration <--
--> This is the 542 th Iteration <--
--> This is the 543 th Iteration <--
--> This is the 544 th Iteration <--
--> This is the 545 th Iteration <--
--> This is the 546 th Iteration <--
--> This is the 547 th Iteration <--
--> This is the 548 th Iteration <--
--> This is the 549 th Iteration <--
--> This is the 550 th Iteration <--
--> This is the 551 th Iteration <--
--> This is the 552 th Iteration <--
--> This is the 553 th Iteration <--
--> This is the 554 th Iteration <--
--> This is the 555 th Iteration <--
--> This is the 556 th Iteration <--
--> This is the 557 th Iteration <--
--> This is the 558 th Iteration <--
--> This is the 559 th Iteration <--
--> This is the 560 th Iteration <--
--> This is the 561 th Iteration <--
--> This is the 562 th Iteration <--
--> This is the 563 th Iteration <--
--> This is the 564 th Iteration <--
--> This is the 565 th Iteration <--
--> This is the 566 th Iteration <--
--> This is the 567 th Iteration <--
--> This is the 568 th Iteration <--
--> This is the 569 th Iteration <--
--> This is the 570 th Iteration <--
Go Back to Best-So-Far
--> This is the 571 th Iteration <--
--> This is the 572 th Iteration <--
--> This is the 573 th Iteration <--
--> This is the 574 th Iteration <--
--> This is the 575 th Iteration <--
--> This is the 576 th Iteration <--
--> This is the 577 th Iteration <--
--> This is the 578 th Iteration <--
--> This is the 579 th Iteration <--
--> This is the 580 th Iteration <--
--> This is the 581 th Iteration <--
--> This is the 582 th Iteration <--
--> This is the 583 th Iteration <--
--> This is the 584 th Iteration <--
--> This is the 585 th Iteration <--
--> This is the 586 th Iteration <--
--> This is the 587 th Iteration <--
--> This is the 588 th Iteration <--
--> This is the 589 th Iteration <--
--> This is the 590 th Iteration <--
--> This is the 591 th Iteration <--
--> This is the 592 th Iteration <--
--> This is the 593 th Iteration <--
--> This is the 594 th Iteration <--
--> This is the 595 th Iteration <--
--> This is the 596 th Iteration <--
--> This is the 597 th Iteration <--
--> This is the 598 th Iteration <--
--> This is the 599 th Iteration <--
--> This is the 600 th Iteration <--
Go Back to Best-So-Far
--> This is the 601 th Iteration <--
--> This is the 602 th Iteration <--
--> This is the 603 th Iteration <--
--> This is the 604 th Iteration <--
--> This is the 605 th Iteration <--
--> This is the 606 th Iteration <--
--> This is the 607 th Iteration <--
--> This is the 608 th Iteration <--
--> This is the 609 th Iteration <--
--> This is the 610 th Iteration <--
--> This is the 611 th Iteration <--
--> This is the 612 th Iteration <--
--> This is the 613 th Iteration <--
--> This is the 614 th Iteration <--
--> This is the 615 th Iteration <--
--> This is the 616 th Iteration <--
--> This is the 617 th Iteration <--
--> This is the 618 th Iteration <--
--> This is the 619 th Iteration <--
--> This is the 620 th Iteration <--
--> This is the 621 th Iteration <--
--> This is the 622 th Iteration <--
--> This is the 623 th Iteration <--
--> This is the 624 th Iteration <--
--> This is the 625 th Iteration <--
--> This is the 626 th Iteration <--
--> This is the 627 th Iteration <--
--> This is the 628 th Iteration <--
--> This is the 629 th Iteration <--
--> This is the 630 th Iteration <--
Go Back to Best-So-Far
--> This is the 631 th Iteration <--
--> This is the 632 th Iteration <--
--> This is the 633 th Iteration <--
--> This is the 634 th Iteration <--
--> This is the 635 th Iteration <--
--> This is the 636 th Iteration <--
--> This is the 637 th Iteration <--
--> This is the 638 th Iteration <--
--> This is the 639 th Iteration <--
--> This is the 640 th Iteration <--
--> This is the 641 th Iteration <--
--> This is the 642 th Iteration <--
--> This is the 643 th Iteration <--
--> This is the 644 th Iteration <--
--> This is the 645 th Iteration <--
--> This is the 646 th Iteration <--
--> This is the 647 th Iteration <--
--> This is the 648 th Iteration <--
--> This is the 649 th Iteration <--
--> This is the 650 th Iteration <--
--> This is the 651 th Iteration <--
--> This is the 652 th Iteration <--
--> This is the 653 th Iteration <--
--> This is the 654 th Iteration <--
--> This is the 655 th Iteration <--
--> This is the 656 th Iteration <--
--> This is the 657 th Iteration <--
--> This is the 658 th Iteration <--
--> This is the 659 th Iteration <--
--> This is the 660 th Iteration <--
Go Back to Best-So-Far
--> This is the 661 th Iteration <--
--> This is the 662 th Iteration <--
--> This is the 663 th Iteration <--
--> This is the 664 th Iteration <--
--> This is the 665 th Iteration <--
--> This is the 666 th Iteration <--
--> This is the 667 th Iteration <--
--> This is the 668 th Iteration <--
--> This is the 669 th Iteration <--
--> This is the 670 th Iteration <--
--> This is the 671 th Iteration <--
--> This is the 672 th Iteration <--
--> This is the 673 th Iteration <--
--> This is the 674 th Iteration <--
--> This is the 675 th Iteration <--
--> This is the 676 th Iteration <--
--> This is the 677 th Iteration <--
--> This is the 678 th Iteration <--
--> This is the 679 th Iteration <--
--> This is the 680 th Iteration <--
--> This is the 681 th Iteration <--
--> This is the 682 th Iteration <--
--> This is the 683 th Iteration <--
--> This is the 684 th Iteration <--
--> This is the 685 th Iteration <--
--> This is the 686 th Iteration <--
--> This is the 687 th Iteration <--
--> This is the 688 th Iteration <--
--> This is the 689 th Iteration <--
--> This is the 690 th Iteration <--
Go Back to Best-So-Far
--> This is the 691 th Iteration <--
--> This is the 692 th Iteration <--
--> This is the 693 th Iteration <--
--> This is the 694 th Iteration <--
--> This is the 695 th Iteration <--
--> This is the 696 th Iteration <--
--> This is the 697 th Iteration <--
--> This is the 698 th Iteration <--
--> This is the 699 th Iteration <--
--> This is the 700 th Iteration <--
--> This is the 701 th Iteration <--
--> This is the 702 th Iteration <--
--> This is the 703 th Iteration <--
--> This is the 704 th Iteration <--
--> This is the 705 th Iteration <--
--> This is the 706 th Iteration <--
--> This is the 707 th Iteration <--
--> This is the 708 th Iteration <--
--> This is the 709 th Iteration <--
--> This is the 710 th Iteration <--
--> This is the 711 th Iteration <--
--> This is the 712 th Iteration <--
--> This is the 713 th Iteration <--
--> This is the 714 th Iteration <--
--> This is the 715 th Iteration <--
--> This is the 716 th Iteration <--
--> This is the 717 th Iteration <--
--> This is the 718 th Iteration <--
--> This is the 719 th Iteration <--
--> This is the 720 th Iteration <--
Go Back to Best-So-Far
--> This is the 721 th Iteration <--
--> This is the 722 th Iteration <--
--> This is the 723 th Iteration <--
--> This is the 724 th Iteration <--
--> This is the 725 th Iteration <--
--> This is the 726 th Iteration <--
--> This is the 727 th Iteration <--
--> This is the 728 th Iteration <--
--> This is the 729 th Iteration <--
--> This is the 730 th Iteration <--
--> This is the 731 th Iteration <--
--> This is the 732 th Iteration <--
--> This is the 733 th Iteration <--
--> This is the 734 th Iteration <--
--> This is the 735 th Iteration <--
--> This is the 736 th Iteration <--
--> This is the 737 th Iteration <--
--> This is the 738 th Iteration <--
--> This is the 739 th Iteration <--
--> This is the 740 th Iteration <--
--> This is the 741 th Iteration <--
--> This is the 742 th Iteration <--
--> This is the 743 th Iteration <--
--> This is the 744 th Iteration <--
--> This is the 745 th Iteration <--
--> This is the 746 th Iteration <--
--> This is the 747 th Iteration <--
--> This is the 748 th Iteration <--
--> This is the 749 th Iteration <--
--> This is the 750 th Iteration <--
Go Back to Best-So-Far
--> This is the 751 th Iteration <--
--> This is the 752 th Iteration <--
--> This is the 753 th Iteration <--
--> This is the 754 th Iteration <--
--> This is the 755 th Iteration <--
--> This is the 756 th Iteration <--
--> This is the 757 th Iteration <--
--> This is the 758 th Iteration <--
--> This is the 759 th Iteration <--
--> This is the 760 th Iteration <--
--> This is the 761 th Iteration <--
--> This is the 762 th Iteration <--
--> This is the 763 th Iteration <--
--> This is the 764 th Iteration <--
--> This is the 765 th Iteration <--
--> This is the 766 th Iteration <--
--> This is the 767 th Iteration <--
--> This is the 768 th Iteration <--
--> This is the 769 th Iteration <--
--> This is the 770 th Iteration <--
--> This is the 771 th Iteration <--
--> This is the 772 th Iteration <--
--> This is the 773 th Iteration <--
--> This is the 774 th Iteration <--
--> This is the 775 th Iteration <--
--> This is the 776 th Iteration <--
--> This is the 777 th Iteration <--
--> This is the 778 th Iteration <--
--> This is the 779 th Iteration <--
--> This is the 780 th Iteration <--
Go Back to Best-So-Far
--> This is the 781 th Iteration <--
--> This is the 782 th Iteration <--
--> This is the 783 th Iteration <--
--> This is the 784 th Iteration <--
--> This is the 785 th Iteration <--
--> This is the 786 th Iteration <--
--> This is the 787 th Iteration <--
--> This is the 788 th Iteration <--
--> This is the 789 th Iteration <--
--> This is the 790 th Iteration <--
--> This is the 791 th Iteration <--
--> This is the 792 th Iteration <--
--> This is the 793 th Iteration <--
--> This is the 794 th Iteration <--
--> This is the 795 th Iteration <--
--> This is the 796 th Iteration <--
--> This is the 797 th Iteration <--
--> This is the 798 th Iteration <--
--> This is the 799 th Iteration <--
--> This is the 800 th Iteration <--
--> This is the 801 th Iteration <--
--> This is the 802 th Iteration <--
--> This is the 803 th Iteration <--
--> This is the 804 th Iteration <--
--> This is the 805 th Iteration <--
--> This is the 806 th Iteration <--
--> This is the 807 th Iteration <--
--> This is the 808 th Iteration <--
--> This is the 809 th Iteration <--
--> This is the 810 th Iteration <--
Go Back to Best-So-Far
--> This is the 811 th Iteration <--
--> This is the 812 th Iteration <--
--> This is the 813 th Iteration <--
--> This is the 814 th Iteration <--
--> This is the 815 th Iteration <--
--> This is the 816 th Iteration <--
--> This is the 817 th Iteration <--
--> This is the 818 th Iteration <--
--> This is the 819 th Iteration <--
--> This is the 820 th Iteration <--
--> This is the 821 th Iteration <--
--> This is the 822 th Iteration <--
--> This is the 823 th Iteration <--
--> This is the 824 th Iteration <--
--> This is the 825 th Iteration <--
--> This is the 826 th Iteration <--
--> This is the 827 th Iteration <--
--> This is the 828 th Iteration <--
--> This is the 829 th Iteration <--
--> This is the 830 th Iteration <--
--> This is the 831 th Iteration <--
--> This is the 832 th Iteration <--
--> This is the 833 th Iteration <--
--> This is the 834 th Iteration <--
--> This is the 835 th Iteration <--
--> This is the 836 th Iteration <--
--> This is the 837 th Iteration <--
--> This is the 838 th Iteration <--
--> This is the 839 th Iteration <--
--> This is the 840 th Iteration <--
Go Back to Best-So-Far
--> This is the 841 th Iteration <--
--> This is the 842 th Iteration <--
--> This is the 843 th Iteration <--
--> This is the 844 th Iteration <--
--> This is the 845 th Iteration <--
--> This is the 846 th Iteration <--
--> This is the 847 th Iteration <--
--> This is the 848 th Iteration <--
--> This is the 849 th Iteration <--
--> This is the 850 th Iteration <--
--> This is the 851 th Iteration <--
--> This is the 852 th Iteration <--
--> This is the 853 th Iteration <--
--> This is the 854 th Iteration <--
--> This is the 855 th Iteration <--
--> This is the 856 th Iteration <--
--> This is the 857 th Iteration <--
--> This is the 858 th Iteration <--
--> This is the 859 th Iteration <--
--> This is the 860 th Iteration <--
--> This is the 861 th Iteration <--
--> This is the 862 th Iteration <--
--> This is the 863 th Iteration <--
--> This is the 864 th Iteration <--
--> This is the 865 th Iteration <--
--> This is the 866 th Iteration <--
--> This is the 867 th Iteration <--
--> This is the 868 th Iteration <--
--> This is the 869 th Iteration <--
--> This is the 870 th Iteration <--
Go Back to Best-So-Far
--> This is the 871 th Iteration <--
--> This is the 872 th Iteration <--
--> This is the 873 th Iteration <--
--> This is the 874 th Iteration <--
--> This is the 875 th Iteration <--
--> This is the 876 th Iteration <--
--> This is the 877 th Iteration <--
--> This is the 878 th Iteration <--
--> This is the 879 th Iteration <--
--> This is the 880 th Iteration <--
--> This is the 881 th Iteration <--
--> This is the 882 th Iteration <--
--> This is the 883 th Iteration <--
--> This is the 884 th Iteration <--
--> This is the 885 th Iteration <--
--> This is the 886 th Iteration <--
--> This is the 887 th Iteration <--
--> This is the 888 th Iteration <--
--> This is the 889 th Iteration <--
--> This is the 890 th Iteration <--
--> This is the 891 th Iteration <--
--> This is the 892 th Iteration <--
--> This is the 893 th Iteration <--
--> This is the 894 th Iteration <--
--> This is the 895 th Iteration <--
--> This is the 896 th Iteration <--
--> This is the 897 th Iteration <--
--> This is the 898 th Iteration <--
--> This is the 899 th Iteration <--
--> This is the 900 th Iteration <--
Go Back to Best-So-Far
--> This is the 901 th Iteration <--
--> This is the 902 th Iteration <--
--> This is the 903 th Iteration <--
--> This is the 904 th Iteration <--
--> This is the 905 th Iteration <--
--> This is the 906 th Iteration <--
--> This is the 907 th Iteration <--
--> This is the 908 th Iteration <--
--> This is the 909 th Iteration <--
--> This is the 910 th Iteration <--
--> This is the 911 th Iteration <--
--> This is the 912 th Iteration <--
--> This is the 913 th Iteration <--
--> This is the 914 th Iteration <--
--> This is the 915 th Iteration <--
--> This is the 916 th Iteration <--
--> This is the 917 th Iteration <--
--> This is the 918 th Iteration <--
--> This is the 919 th Iteration <--
--> This is the 920 th Iteration <--
--> This is the 921 th Iteration <--
--> This is the 922 th Iteration <--
--> This is the 923 th Iteration <--
--> This is the 924 th Iteration <--
--> This is the 925 th Iteration <--
--> This is the 926 th Iteration <--
--> This is the 927 th Iteration <--
--> This is the 928 th Iteration <--
--> This is the 929 th Iteration <--
--> This is the 930 th Iteration <--
Go Back to Best-So-Far
--> This is the 931 th Iteration <--
--> This is the 932 th Iteration <--
--> This is the 933 th Iteration <--
--> This is the 934 th Iteration <--
--> This is the 935 th Iteration <--
--> This is the 936 th Iteration <--
--> This is the 937 th Iteration <--
--> This is the 938 th Iteration <--
--> This is the 939 th Iteration <--
--> This is the 940 th Iteration <--
--> This is the 941 th Iteration <--
--> This is the 942 th Iteration <--
--> This is the 943 th Iteration <--
--> This is the 944 th Iteration <--
--> This is the 945 th Iteration <--
--> This is the 946 th Iteration <--
--> This is the 947 th Iteration <--
--> This is the 948 th Iteration <--
--> This is the 949 th Iteration <--
--> This is the 950 th Iteration <--
--> This is the 951 th Iteration <--
--> This is the 952 th Iteration <--
--> This is the 953 th Iteration <--
--> This is the 954 th Iteration <--
--> This is the 955 th Iteration <--
--> This is the 956 th Iteration <--
--> This is the 957 th Iteration <--
--> This is the 958 th Iteration <--
--> This is the 959 th Iteration <--
--> This is the 960 th Iteration <--
Go Back to Best-So-Far
--> This is the 961 th Iteration <--
--> This is the 962 th Iteration <--
--> This is the 963 th Iteration <--
--> This is the 964 th Iteration <--
--> This is the 965 th Iteration <--
--> This is the 966 th Iteration <--
--> This is the 967 th Iteration <--
--> This is the 968 th Iteration <--
--> This is the 969 th Iteration <--
--> This is the 970 th Iteration <--
--> This is the 971 th Iteration <--
--> This is the 972 th Iteration <--
--> This is the 973 th Iteration <--
--> This is the 974 th Iteration <--
--> This is the 975 th Iteration <--
--> This is the 976 th Iteration <--
--> This is the 977 th Iteration <--
--> This is the 978 th Iteration <--
--> This is the 979 th Iteration <--
--> This is the 980 th Iteration <--
--> This is the 981 th Iteration <--
--> This is the 982 th Iteration <--
--> This is the 983 th Iteration <--
--> This is the 984 th Iteration <--
--> This is the 985 th Iteration <--
--> This is the 986 th Iteration <--
--> This is the 987 th Iteration <--
--> This is the 988 th Iteration <--
--> This is the 989 th Iteration <--
--> This is the 990 th Iteration <--
Go Back to Best-So-Far
--> This is the 991 th Iteration <--
--> This is the 992 th Iteration <--
--> This is the 993 th Iteration <--
--> This is the 994 th Iteration <--
--> This is the 995 th Iteration <--
--> This is the 996 th Iteration <--
--> This is the 997 th Iteration <--
--> This is the 998 th Iteration <--
--> This is the 999 th Iteration <--
--> This is the 1000 th Iteration <--
--> This is the 1001 th Iteration <--
--> This is the 1002 th Iteration <--
--> This is the 1003 th Iteration <--
--> This is the 1004 th Iteration <--
--> This is the 1005 th Iteration <--
--> This is the 1006 th Iteration <--
--> This is the 1007 th Iteration <--
--> This is the 1008 th Iteration <--
--> This is the 1009 th Iteration <--
--> This is the 1010 th Iteration <--
--> This is the 1011 th Iteration <--
--> This is the 1012 th Iteration <--
--> This is the 1013 th Iteration <--
--> This is the 1014 th Iteration <--
--> This is the 1015 th Iteration <--
--> This is the 1016 th Iteration <--
--> This is the 1017 th Iteration <--
--> This is the 1018 th Iteration <--
--> This is the 1019 th Iteration <--
--> This is the 1020 th Iteration <--
Go Back to Best-So-Far
--> This is the 1021 th Iteration <--
--> This is the 1022 th Iteration <--
--> This is the 1023 th Iteration <--
--> This is the 1024 th Iteration <--
--> This is the 1025 th Iteration <--
--> This is the 1026 th Iteration <--
--> This is the 1027 th Iteration <--
--> This is the 1028 th Iteration <--
--> This is the 1029 th Iteration <--
--> This is the 1030 th Iteration <--
--> This is the 1031 th Iteration <--
--> This is the 1032 th Iteration <--
--> This is the 1033 th Iteration <--
--> This is the 1034 th Iteration <--
--> This is the 1035 th Iteration <--
--> This is the 1036 th Iteration <--
--> This is the 1037 th Iteration <--
--> This is the 1038 th Iteration <--
--> This is the 1039 th Iteration <--
--> This is the 1040 th Iteration <--
--> This is the 1041 th Iteration <--
--> This is the 1042 th Iteration <--
--> This is the 1043 th Iteration <--
--> This is the 1044 th Iteration <--
--> This is the 1045 th Iteration <--
--> This is the 1046 th Iteration <--
--> This is the 1047 th Iteration <--
--> This is the 1048 th Iteration <--
--> This is the 1049 th Iteration <--
--> This is the 1050 th Iteration <--
Go Back to Best-So-Far
--> This is the 1051 th Iteration <--
--> This is the 1052 th Iteration <--
--> This is the 1053 th Iteration <--
--> This is the 1054 th Iteration <--
--> This is the 1055 th Iteration <--
--> This is the 1056 th Iteration <--
--> This is the 1057 th Iteration <--
--> This is the 1058 th Iteration <--
--> This is the 1059 th Iteration <--
--> This is the 1060 th Iteration <--
--> This is the 1061 th Iteration <--
--> This is the 1062 th Iteration <--
--> This is the 1063 th Iteration <--
--> This is the 1064 th Iteration <--
--> This is the 1065 th Iteration <--
--> This is the 1066 th Iteration <--
--> This is the 1067 th Iteration <--
--> This is the 1068 th Iteration <--
--> This is the 1069 th Iteration <--
--> This is the 1070 th Iteration <--
--> This is the 1071 th Iteration <--
--> This is the 1072 th Iteration <--
--> This is the 1073 th Iteration <--
--> This is the 1074 th Iteration <--
--> This is the 1075 th Iteration <--
--> This is the 1076 th Iteration <--
--> This is the 1077 th Iteration <--
--> This is the 1078 th Iteration <--
--> This is the 1079 th Iteration <--
--> This is the 1080 th Iteration <--
Go Back to Best-So-Far
--> This is the 1081 th Iteration <--
--> This is the 1082 th Iteration <--
--> This is the 1083 th Iteration <--
--> This is the 1084 th Iteration <--
--> This is the 1085 th Iteration <--
--> This is the 1086 th Iteration <--
--> This is the 1087 th Iteration <--
--> This is the 1088 th Iteration <--
--> This is the 1089 th Iteration <--
--> This is the 1090 th Iteration <--
--> This is the 1091 th Iteration <--
--> This is the 1092 th Iteration <--
--> This is the 1093 th Iteration <--
--> This is the 1094 th Iteration <--
--> This is the 1095 th Iteration <--
--> This is the 1096 th Iteration <--
--> This is the 1097 th Iteration <--
--> This is the 1098 th Iteration <--
--> This is the 1099 th Iteration <--
--> This is the 1100 th Iteration <--
--> This is the 1101 th Iteration <--
--> This is the 1102 th Iteration <--
--> This is the 1103 th Iteration <--
--> This is the 1104 th Iteration <--
--> This is the 1105 th Iteration <--
--> This is the 1106 th Iteration <--
--> This is the 1107 th Iteration <--
--> This is the 1108 th Iteration <--
--> This is the 1109 th Iteration <--
--> This is the 1110 th Iteration <--
Go Back to Best-So-Far
--> This is the 1111 th Iteration <--
--> This is the 1112 th Iteration <--
--> This is the 1113 th Iteration <--
--> This is the 1114 th Iteration <--
--> This is the 1115 th Iteration <--
--> This is the 1116 th Iteration <--
--> This is the 1117 th Iteration <--
--> This is the 1118 th Iteration <--
--> This is the 1119 th Iteration <--
--> This is the 1120 th Iteration <--
--> This is the 1121 th Iteration <--
--> This is the 1122 th Iteration <--
--> This is the 1123 th Iteration <--
--> This is the 1124 th Iteration <--
--> This is the 1125 th Iteration <--
--> This is the 1126 th Iteration <--
--> This is the 1127 th Iteration <--
--> This is the 1128 th Iteration <--
--> This is the 1129 th Iteration <--
--> This is the 1130 th Iteration <--
--> This is the 1131 th Iteration <--
--> This is the 1132 th Iteration <--
--> This is the 1133 th Iteration <--
--> This is the 1134 th Iteration <--
--> This is the 1135 th Iteration <--
--> This is the 1136 th Iteration <--
--> This is the 1137 th Iteration <--
--> This is the 1138 th Iteration <--
--> This is the 1139 th Iteration <--
--> This is the 1140 th Iteration <--
Go Back to Best-So-Far
--> This is the 1141 th Iteration <--
--> This is the 1142 th Iteration <--
--> This is the 1143 th Iteration <--
--> This is the 1144 th Iteration <--
--> This is the 1145 th Iteration <--
--> This is the 1146 th Iteration <--
--> This is the 1147 th Iteration <--
--> This is the 1148 th Iteration <--
--> This is the 1149 th Iteration <--
--> This is the 1150 th Iteration <--
--> This is the 1151 th Iteration <--
--> This is the 1152 th Iteration <--
--> This is the 1153 th Iteration <--
--> This is the 1154 th Iteration <--
--> This is the 1155 th Iteration <--
--> This is the 1156 th Iteration <--
--> This is the 1157 th Iteration <--
--> This is the 1158 th Iteration <--
--> This is the 1159 th Iteration <--
--> This is the 1160 th Iteration <--
--> This is the 1161 th Iteration <--
--> This is the 1162 th Iteration <--
--> This is the 1163 th Iteration <--
--> This is the 1164 th Iteration <--
--> This is the 1165 th Iteration <--
--> This is the 1166 th Iteration <--
--> This is the 1167 th Iteration <--
--> This is the 1168 th Iteration <--
--> This is the 1169 th Iteration <--
--> This is the 1170 th Iteration <--
Go Back to Best-So-Far
--> This is the 1171 th Iteration <--
--> This is the 1172 th Iteration <--
--> This is the 1173 th Iteration <--
--> This is the 1174 th Iteration <--
--> This is the 1175 th Iteration <--
--> This is the 1176 th Iteration <--
--> This is the 1177 th Iteration <--
--> This is the 1178 th Iteration <--
--> This is the 1179 th Iteration <--
--> This is the 1180 th Iteration <--
--> This is the 1181 th Iteration <--
--> This is the 1182 th Iteration <--
--> This is the 1183 th Iteration <--
--> This is the 1184 th Iteration <--
--> This is the 1185 th Iteration <--
--> This is the 1186 th Iteration <--
--> This is the 1187 th Iteration <--
--> This is the 1188 th Iteration <--
--> This is the 1189 th Iteration <--
--> This is the 1190 th Iteration <--
--> This is the 1191 th Iteration <--
--> This is the 1192 th Iteration <--
--> This is the 1193 th Iteration <--
--> This is the 1194 th Iteration <--
--> This is the 1195 th Iteration <--
--> This is the 1196 th Iteration <--
--> This is the 1197 th Iteration <--
--> This is the 1198 th Iteration <--
--> This is the 1199 th Iteration <--
--> This is the 1200 th Iteration <--
Go Back to Best-So-Far
--> This is the 1201 th Iteration <--
--> This is the 1202 th Iteration <--
--> This is the 1203 th Iteration <--
--> This is the 1204 th Iteration <--
--> This is the 1205 th Iteration <--
--> This is the 1206 th Iteration <--
--> This is the 1207 th Iteration <--
--> This is the 1208 th Iteration <--
--> This is the 1209 th Iteration <--
--> This is the 1210 th Iteration <--
--> This is the 1211 th Iteration <--
--> This is the 1212 th Iteration <--
--> This is the 1213 th Iteration <--
--> This is the 1214 th Iteration <--
--> This is the 1215 th Iteration <--
--> This is the 1216 th Iteration <--
--> This is the 1217 th Iteration <--
--> This is the 1218 th Iteration <--
--> This is the 1219 th Iteration <--
--> This is the 1220 th Iteration <--
--> This is the 1221 th Iteration <--
--> This is the 1222 th Iteration <--
--> This is the 1223 th Iteration <--
--> This is the 1224 th Iteration <--
--> This is the 1225 th Iteration <--
--> This is the 1226 th Iteration <--
--> This is the 1227 th Iteration <--
--> This is the 1228 th Iteration <--
--> This is the 1229 th Iteration <--
--> This is the 1230 th Iteration <--
Go Back to Best-So-Far
--> This is the 1231 th Iteration <--
--> This is the 1232 th Iteration <--
--> This is the 1233 th Iteration <--
--> This is the 1234 th Iteration <--
--> This is the 1235 th Iteration <--
--> This is the 1236 th Iteration <--
--> This is the 1237 th Iteration <--
--> This is the 1238 th Iteration <--
--> This is the 1239 th Iteration <--
--> This is the 1240 th Iteration <--
--> This is the 1241 th Iteration <--
--> This is the 1242 th Iteration <--
--> This is the 1243 th Iteration <--
--> This is the 1244 th Iteration <--
--> This is the 1245 th Iteration <--
--> This is the 1246 th Iteration <--
--> This is the 1247 th Iteration <--
--> This is the 1248 th Iteration <--
--> This is the 1249 th Iteration <--
--> This is the 1250 th Iteration <--
--> This is the 1251 th Iteration <--
--> This is the 1252 th Iteration <--
--> This is the 1253 th Iteration <--
--> This is the 1254 th Iteration <--
--> This is the 1255 th Iteration <--
--> This is the 1256 th Iteration <--
--> This is the 1257 th Iteration <--
--> This is the 1258 th Iteration <--
--> This is the 1259 th Iteration <--
--> This is the 1260 th Iteration <--
Go Back to Best-So-Far
--> This is the 1261 th Iteration <--
--> This is the 1262 th Iteration <--
--> This is the 1263 th Iteration <--
--> This is the 1264 th Iteration <--
--> This is the 1265 th Iteration <--
--> This is the 1266 th Iteration <--
--> This is the 1267 th Iteration <--
--> This is the 1268 th Iteration <--
--> This is the 1269 th Iteration <--
--> This is the 1270 th Iteration <--
--> This is the 1271 th Iteration <--
--> This is the 1272 th Iteration <--
--> This is the 1273 th Iteration <--
--> This is the 1274 th Iteration <--
--> This is the 1275 th Iteration <--
--> This is the 1276 th Iteration <--
--> This is the 1277 th Iteration <--
--> This is the 1278 th Iteration <--
--> This is the 1279 th Iteration <--
--> This is the 1280 th Iteration <--
--> This is the 1281 th Iteration <--
--> This is the 1282 th Iteration <--
--> This is the 1283 th Iteration <--
--> This is the 1284 th Iteration <--
--> This is the 1285 th Iteration <--
--> This is the 1286 th Iteration <--
--> This is the 1287 th Iteration <--
--> This is the 1288 th Iteration <--
--> This is the 1289 th Iteration <--
--> This is the 1290 th Iteration <--
Go Back to Best-So-Far
--> This is the 1291 th Iteration <--
--> This is the 1292 th Iteration <--
--> This is the 1293 th Iteration <--
--> This is the 1294 th Iteration <--
--> This is the 1295 th Iteration <--
--> This is the 1296 th Iteration <--
--> This is the 1297 th Iteration <--
--> This is the 1298 th Iteration <--
--> This is the 1299 th Iteration <--
--> This is the 1300 th Iteration <--
--> This is the 1301 th Iteration <--
--> This is the 1302 th Iteration <--
--> This is the 1303 th Iteration <--
--> This is the 1304 th Iteration <--
--> This is the 1305 th Iteration <--
--> This is the 1306 th Iteration <--
--> This is the 1307 th Iteration <--
--> This is the 1308 th Iteration <--
--> This is the 1309 th Iteration <--
--> This is the 1310 th Iteration <--
--> This is the 1311 th Iteration <--
--> This is the 1312 th Iteration <--
--> This is the 1313 th Iteration <--
--> This is the 1314 th Iteration <--
--> This is the 1315 th Iteration <--
--> This is the 1316 th Iteration <--
--> This is the 1317 th Iteration <--
--> This is the 1318 th Iteration <--
--> This is the 1319 th Iteration <--
--> This is the 1320 th Iteration <--
Go Back to Best-So-Far
--> This is the 1321 th Iteration <--
--> This is the 1322 th Iteration <--
--> This is the 1323 th Iteration <--
--> This is the 1324 th Iteration <--
--> This is the 1325 th Iteration <--
--> This is the 1326 th Iteration <--
--> This is the 1327 th Iteration <--
--> This is the 1328 th Iteration <--
--> This is the 1329 th Iteration <--
--> This is the 1330 th Iteration <--
--> This is the 1331 th Iteration <--
--> This is the 1332 th Iteration <--
--> This is the 1333 th Iteration <--
--> This is the 1334 th Iteration <--
--> This is the 1335 th Iteration <--
--> This is the 1336 th Iteration <--
--> This is the 1337 th Iteration <--
--> This is the 1338 th Iteration <--
--> This is the 1339 th Iteration <--
--> This is the 1340 th Iteration <--
--> This is the 1341 th Iteration <--
--> This is the 1342 th Iteration <--
--> This is the 1343 th Iteration <--
--> This is the 1344 th Iteration <--
--> This is the 1345 th Iteration <--
--> This is the 1346 th Iteration <--
--> This is the 1347 th Iteration <--
--> This is the 1348 th Iteration <--
--> This is the 1349 th Iteration <--
--> This is the 1350 th Iteration <--
Go Back to Best-So-Far
--> This is the 1351 th Iteration <--
--> This is the 1352 th Iteration <--
--> This is the 1353 th Iteration <--
--> This is the 1354 th Iteration <--
--> This is the 1355 th Iteration <--
--> This is the 1356 th Iteration <--
--> This is the 1357 th Iteration <--
--> This is the 1358 th Iteration <--
--> This is the 1359 th Iteration <--
--> This is the 1360 th Iteration <--
--> This is the 1361 th Iteration <--
--> This is the 1362 th Iteration <--
--> This is the 1363 th Iteration <--
--> This is the 1364 th Iteration <--
--> This is the 1365 th Iteration <--
--> This is the 1366 th Iteration <--
--> This is the 1367 th Iteration <--
--> This is the 1368 th Iteration <--
--> This is the 1369 th Iteration <--
--> This is the 1370 th Iteration <--
--> This is the 1371 th Iteration <--
--> This is the 1372 th Iteration <--
--> This is the 1373 th Iteration <--
--> This is the 1374 th Iteration <--
--> This is the 1375 th Iteration <--
--> This is the 1376 th Iteration <--
--> This is the 1377 th Iteration <--
--> This is the 1378 th Iteration <--
--> This is the 1379 th Iteration <--
--> This is the 1380 th Iteration <--
Go Back to Best-So-Far
--> This is the 1381 th Iteration <--
--> This is the 1382 th Iteration <--
--> This is the 1383 th Iteration <--
--> This is the 1384 th Iteration <--
--> This is the 1385 th Iteration <--
--> This is the 1386 th Iteration <--
--> This is the 1387 th Iteration <--
--> This is the 1388 th Iteration <--
--> This is the 1389 th Iteration <--
--> This is the 1390 th Iteration <--
--> This is the 1391 th Iteration <--
--> This is the 1392 th Iteration <--
--> This is the 1393 th Iteration <--
--> This is the 1394 th Iteration <--
--> This is the 1395 th Iteration <--
--> This is the 1396 th Iteration <--
--> This is the 1397 th Iteration <--
--> This is the 1398 th Iteration <--
--> This is the 1399 th Iteration <--
--> This is the 1400 th Iteration <--
--> This is the 1401 th Iteration <--
--> This is the 1402 th Iteration <--
--> This is the 1403 th Iteration <--
--> This is the 1404 th Iteration <--
--> This is the 1405 th Iteration <--
--> This is the 1406 th Iteration <--
--> This is the 1407 th Iteration <--
--> This is the 1408 th Iteration <--
--> This is the 1409 th Iteration <--
--> This is the 1410 th Iteration <--
Go Back to Best-So-Far
--> This is the 1411 th Iteration <--
--> This is the 1412 th Iteration <--
--> This is the 1413 th Iteration <--
--> This is the 1414 th Iteration <--
--> This is the 1415 th Iteration <--
--> This is the 1416 th Iteration <--
--> This is the 1417 th Iteration <--
--> This is the 1418 th Iteration <--
--> This is the 1419 th Iteration <--
--> This is the 1420 th Iteration <--
--> This is the 1421 th Iteration <--
--> This is the 1422 th Iteration <--
--> This is the 1423 th Iteration <--
--> This is the 1424 th Iteration <--
--> This is the 1425 th Iteration <--
--> This is the 1426 th Iteration <--
--> This is the 1427 th Iteration <--
--> This is the 1428 th Iteration <--
--> This is the 1429 th Iteration <--
--> This is the 1430 th Iteration <--
--> This is the 1431 th Iteration <--
--> This is the 1432 th Iteration <--
--> This is the 1433 th Iteration <--
--> This is the 1434 th Iteration <--
--> This is the 1435 th Iteration <--
--> This is the 1436 th Iteration <--
--> This is the 1437 th Iteration <--
--> This is the 1438 th Iteration <--
--> This is the 1439 th Iteration <--
--> This is the 1440 th Iteration <--
Go Back to Best-So-Far
--> This is the 1441 th Iteration <--
--> This is the 1442 th Iteration <--
--> This is the 1443 th Iteration <--
--> This is the 1444 th Iteration <--
--> This is the 1445 th Iteration <--
--> This is the 1446 th Iteration <--
--> This is the 1447 th Iteration <--
--> This is the 1448 th Iteration <--
--> This is the 1449 th Iteration <--
--> This is the 1450 th Iteration <--
--> This is the 1451 th Iteration <--
--> This is the 1452 th Iteration <--
--> This is the 1453 th Iteration <--
--> This is the 1454 th Iteration <--
--> This is the 1455 th Iteration <--
--> This is the 1456 th Iteration <--
--> This is the 1457 th Iteration <--
--> This is the 1458 th Iteration <--
--> This is the 1459 th Iteration <--
--> This is the 1460 th Iteration <--
--> This is the 1461 th Iteration <--
--> This is the 1462 th Iteration <--
--> This is the 1463 th Iteration <--
--> This is the 1464 th Iteration <--
--> This is the 1465 th Iteration <--
--> This is the 1466 th Iteration <--
--> This is the 1467 th Iteration <--
--> This is the 1468 th Iteration <--
--> This is the 1469 th Iteration <--
--> This is the 1470 th Iteration <--
Go Back to Best-So-Far
--> This is the 1471 th Iteration <--
--> This is the 1472 th Iteration <--
--> This is the 1473 th Iteration <--
--> This is the 1474 th Iteration <--
--> This is the 1475 th Iteration <--
--> This is the 1476 th Iteration <--
--> This is the 1477 th Iteration <--
--> This is the 1478 th Iteration <--
--> This is the 1479 th Iteration <--
--> This is the 1480 th Iteration <--
--> This is the 1481 th Iteration <--
--> This is the 1482 th Iteration <--
--> This is the 1483 th Iteration <--
--> This is the 1484 th Iteration <--
--> This is the 1485 th Iteration <--
--> This is the 1486 th Iteration <--
--> This is the 1487 th Iteration <--
--> This is the 1488 th Iteration <--
--> This is the 1489 th Iteration <--
--> This is the 1490 th Iteration <--
--> This is the 1491 th Iteration <--
--> This is the 1492 th Iteration <--
--> This is the 1493 th Iteration <--
--> This is the 1494 th Iteration <--
--> This is the 1495 th Iteration <--
--> This is the 1496 th Iteration <--
--> This is the 1497 th Iteration <--
--> This is the 1498 th Iteration <--
--> This is the 1499 th Iteration <--
--> This is the 1500 th Iteration <--
Go Back to Best-So-Far
--> This is the 1501 th Iteration <--
--> This is the 1502 th Iteration <--
--> This is the 1503 th Iteration <--
--> This is the 1504 th Iteration <--
--> This is the 1505 th Iteration <--
--> This is the 1506 th Iteration <--
--> This is the 1507 th Iteration <--
--> This is the 1508 th Iteration <--
--> This is the 1509 th Iteration <--
--> This is the 1510 th Iteration <--
--> This is the 1511 th Iteration <--
--> This is the 1512 th Iteration <--
--> This is the 1513 th Iteration <--
--> This is the 1514 th Iteration <--
--> This is the 1515 th Iteration <--
--> This is the 1516 th Iteration <--
--> This is the 1517 th Iteration <--
--> This is the 1518 th Iteration <--
--> This is the 1519 th Iteration <--
--> This is the 1520 th Iteration <--
--> This is the 1521 th Iteration <--
--> This is the 1522 th Iteration <--
--> This is the 1523 th Iteration <--
--> This is the 1524 th Iteration <--
--> This is the 1525 th Iteration <--
--> This is the 1526 th Iteration <--
--> This is the 1527 th Iteration <--
--> This is the 1528 th Iteration <--
--> This is the 1529 th Iteration <--
--> This is the 1530 th Iteration <--
Go Back to Best-So-Far
--> This is the 1531 th Iteration <--
--> This is the 1532 th Iteration <--
--> This is the 1533 th Iteration <--
--> This is the 1534 th Iteration <--
--> This is the 1535 th Iteration <--
--> This is the 1536 th Iteration <--
--> This is the 1537 th Iteration <--
--> This is the 1538 th Iteration <--
--> This is the 1539 th Iteration <--
--> This is the 1540 th Iteration <--
--> This is the 1541 th Iteration <--
--> This is the 1542 th Iteration <--
--> This is the 1543 th Iteration <--
--> This is the 1544 th Iteration <--
--> This is the 1545 th Iteration <--
--> This is the 1546 th Iteration <--
--> This is the 1547 th Iteration <--
--> This is the 1548 th Iteration <--
--> This is the 1549 th Iteration <--
--> This is the 1550 th Iteration <--
--> This is the 1551 th Iteration <--
--> This is the 1552 th Iteration <--
--> This is the 1553 th Iteration <--
--> This is the 1554 th Iteration <--
--> This is the 1555 th Iteration <--
--> This is the 1556 th Iteration <--
--> This is the 1557 th Iteration <--
--> This is the 1558 th Iteration <--
--> This is the 1559 th Iteration <--
--> This is the 1560 th Iteration <--
Go Back to Best-So-Far
--> This is the 1561 th Iteration <--
--> This is the 1562 th Iteration <--
--> This is the 1563 th Iteration <--
--> This is the 1564 th Iteration <--
--> This is the 1565 th Iteration <--
--> This is the 1566 th Iteration <--
--> This is the 1567 th Iteration <--
--> This is the 1568 th Iteration <--
--> This is the 1569 th Iteration <--
--> This is the 1570 th Iteration <--
--> This is the 1571 th Iteration <--
--> This is the 1572 th Iteration <--
--> This is the 1573 th Iteration <--
--> This is the 1574 th Iteration <--
--> This is the 1575 th Iteration <--
--> This is the 1576 th Iteration <--
--> This is the 1577 th Iteration <--
--> This is the 1578 th Iteration <--
--> This is the 1579 th Iteration <--
--> This is the 1580 th Iteration <--
--> This is the 1581 th Iteration <--
--> This is the 1582 th Iteration <--
--> This is the 1583 th Iteration <--
--> This is the 1584 th Iteration <--
--> This is the 1585 th Iteration <--
--> This is the 1586 th Iteration <--
--> This is the 1587 th Iteration <--
--> This is the 1588 th Iteration <--
--> This is the 1589 th Iteration <--
--> This is the 1590 th Iteration <--
Go Back to Best-So-Far
--> This is the 1591 th Iteration <--
--> This is the 1592 th Iteration <--
--> This is the 1593 th Iteration <--
--> This is the 1594 th Iteration <--
--> This is the 1595 th Iteration <--
--> This is the 1596 th Iteration <--
--> This is the 1597 th Iteration <--
--> This is the 1598 th Iteration <--
--> This is the 1599 th Iteration <--
--> This is the 1600 th Iteration <--
--> This is the 1601 th Iteration <--
--> This is the 1602 th Iteration <--
--> This is the 1603 th Iteration <--
--> This is the 1604 th Iteration <--
--> This is the 1605 th Iteration <--
--> This is the 1606 th Iteration <--
--> This is the 1607 th Iteration <--
--> This is the 1608 th Iteration <--
--> This is the 1609 th Iteration <--
--> This is the 1610 th Iteration <--
--> This is the 1611 th Iteration <--
--> This is the 1612 th Iteration <--
--> This is the 1613 th Iteration <--
--> This is the 1614 th Iteration <--
--> This is the 1615 th Iteration <--
--> This is the 1616 th Iteration <--
--> This is the 1617 th Iteration <--
--> This is the 1618 th Iteration <--
--> This is the 1619 th Iteration <--
--> This is the 1620 th Iteration <--
Go Back to Best-So-Far
--> This is the 1621 th Iteration <--
--> This is the 1622 th Iteration <--
--> This is the 1623 th Iteration <--
--> This is the 1624 th Iteration <--
--> This is the 1625 th Iteration <--
--> This is the 1626 th Iteration <--
--> This is the 1627 th Iteration <--
--> This is the 1628 th Iteration <--
--> This is the 1629 th Iteration <--
--> This is the 1630 th Iteration <--
--> This is the 1631 th Iteration <--
--> This is the 1632 th Iteration <--
--> This is the 1633 th Iteration <--
--> This is the 1634 th Iteration <--
--> This is the 1635 th Iteration <--
--> This is the 1636 th Iteration <--
--> This is the 1637 th Iteration <--
--> This is the 1638 th Iteration <--
--> This is the 1639 th Iteration <--
--> This is the 1640 th Iteration <--
--> This is the 1641 th Iteration <--
--> This is the 1642 th Iteration <--
--> This is the 1643 th Iteration <--
--> This is the 1644 th Iteration <--
--> This is the 1645 th Iteration <--
--> This is the 1646 th Iteration <--
--> This is the 1647 th Iteration <--
--> This is the 1648 th Iteration <--
--> This is the 1649 th Iteration <--
--> This is the 1650 th Iteration <--
--> This is the 1651 th Iteration <--
--> This is the 1652 th Iteration <--
--> This is the 1653 th Iteration <--
--> This is the 1654 th Iteration <--
--> This is the 1655 th Iteration <--
--> This is the 1656 th Iteration <--
--> This is the 1657 th Iteration <--
--> This is the 1658 th Iteration <--
--> This is the 1659 th Iteration <--
--> This is the 1660 th Iteration <--
--> This is the 1661 th Iteration <--
--> This is the 1662 th Iteration <--
--> This is the 1663 th Iteration <--
--> This is the 1664 th Iteration <--
--> This is the 1665 th Iteration <--
--> This is the 1666 th Iteration <--
--> This is the 1667 th Iteration <--
--> This is the 1668 th Iteration <--
--> This is the 1669 th Iteration <--
--> This is the 1670 th Iteration <--
--> This is the 1671 th Iteration <--
--> This is the 1672 th Iteration <--
--> This is the 1673 th Iteration <--
--> This is the 1674 th Iteration <--
--> This is the 1675 th Iteration <--
--> This is the 1676 th Iteration <--
--> This is the 1677 th Iteration <--
--> This is the 1678 th Iteration <--
--> This is the 1679 th Iteration <--
--> This is the 1680 th Iteration <--
Go Back to Best-So-Far
--> This is the 1681 th Iteration <--
--> This is the 1682 th Iteration <--
--> This is the 1683 th Iteration <--
--> This is the 1684 th Iteration <--
--> This is the 1685 th Iteration <--
--> This is the 1686 th Iteration <--
--> This is the 1687 th Iteration <--
--> This is the 1688 th Iteration <--
--> This is the 1689 th Iteration <--
--> This is the 1690 th Iteration <--
--> This is the 1691 th Iteration <--
--> This is the 1692 th Iteration <--
--> This is the 1693 th Iteration <--
--> This is the 1694 th Iteration <--
--> This is the 1695 th Iteration <--
--> This is the 1696 th Iteration <--
--> This is the 1697 th Iteration <--
--> This is the 1698 th Iteration <--
--> This is the 1699 th Iteration <--
--> This is the 1700 th Iteration <--
--> This is the 1701 th Iteration <--
--> This is the 1702 th Iteration <--
--> This is the 1703 th Iteration <--
--> This is the 1704 th Iteration <--
--> This is the 1705 th Iteration <--
--> This is the 1706 th Iteration <--
--> This is the 1707 th Iteration <--
--> This is the 1708 th Iteration <--
--> This is the 1709 th Iteration <--
--> This is the 1710 th Iteration <--
Go Back to Best-So-Far
--> This is the 1711 th Iteration <--
--> This is the 1712 th Iteration <--
--> This is the 1713 th Iteration <--
--> This is the 1714 th Iteration <--
--> This is the 1715 th Iteration <--
--> This is the 1716 th Iteration <--
--> This is the 1717 th Iteration <--
--> This is the 1718 th Iteration <--
--> This is the 1719 th Iteration <--
--> This is the 1720 th Iteration <--
--> This is the 1721 th Iteration <--
--> This is the 1722 th Iteration <--
--> This is the 1723 th Iteration <--
--> This is the 1724 th Iteration <--
--> This is the 1725 th Iteration <--
--> This is the 1726 th Iteration <--
--> This is the 1727 th Iteration <--
--> This is the 1728 th Iteration <--
--> This is the 1729 th Iteration <--
--> This is the 1730 th Iteration <--
--> This is the 1731 th Iteration <--
--> This is the 1732 th Iteration <--
--> This is the 1733 th Iteration <--
--> This is the 1734 th Iteration <--
--> This is the 1735 th Iteration <--
--> This is the 1736 th Iteration <--
--> This is the 1737 th Iteration <--
--> This is the 1738 th Iteration <--
--> This is the 1739 th Iteration <--
--> This is the 1740 th Iteration <--
Go Back to Best-So-Far
--> This is the 1741 th Iteration <--
--> This is the 1742 th Iteration <--
--> This is the 1743 th Iteration <--
--> This is the 1744 th Iteration <--
--> This is the 1745 th Iteration <--
--> This is the 1746 th Iteration <--
--> This is the 1747 th Iteration <--
--> This is the 1748 th Iteration <--
--> This is the 1749 th Iteration <--
--> This is the 1750 th Iteration <--
--> This is the 1751 th Iteration <--
--> This is the 1752 th Iteration <--
--> This is the 1753 th Iteration <--
--> This is the 1754 th Iteration <--
--> This is the 1755 th Iteration <--
--> This is the 1756 th Iteration <--
--> This is the 1757 th Iteration <--
--> This is the 1758 th Iteration <--
--> This is the 1759 th Iteration <--
--> This is the 1760 th Iteration <--
--> This is the 1761 th Iteration <--
--> This is the 1762 th Iteration <--
--> This is the 1763 th Iteration <--
--> This is the 1764 th Iteration <--
--> This is the 1765 th Iteration <--
--> This is the 1766 th Iteration <--
--> This is the 1767 th Iteration <--
--> This is the 1768 th Iteration <--
--> This is the 1769 th Iteration <--
--> This is the 1770 th Iteration <--
Go Back to Best-So-Far
--> This is the 1771 th Iteration <--
--> This is the 1772 th Iteration <--
--> This is the 1773 th Iteration <--
--> This is the 1774 th Iteration <--
--> This is the 1775 th Iteration <--
--> This is the 1776 th Iteration <--
--> This is the 1777 th Iteration <--
--> This is the 1778 th Iteration <--
--> This is the 1779 th Iteration <--
--> This is the 1780 th Iteration <--
--> This is the 1781 th Iteration <--
--> This is the 1782 th Iteration <--
--> This is the 1783 th Iteration <--
--> This is the 1784 th Iteration <--
--> This is the 1785 th Iteration <--
--> This is the 1786 th Iteration <--
--> This is the 1787 th Iteration <--
--> This is the 1788 th Iteration <--
--> This is the 1789 th Iteration <--
--> This is the 1790 th Iteration <--
--> This is the 1791 th Iteration <--
--> This is the 1792 th Iteration <--
--> This is the 1793 th Iteration <--
--> This is the 1794 th Iteration <--
--> This is the 1795 th Iteration <--
--> This is the 1796 th Iteration <--
--> This is the 1797 th Iteration <--
--> This is the 1798 th Iteration <--
--> This is the 1799 th Iteration <--
--> This is the 1800 th Iteration <--
Go Back to Best-So-Far
--> This is the 1801 th Iteration <--
--> This is the 1802 th Iteration <--
--> This is the 1803 th Iteration <--
--> This is the 1804 th Iteration <--
--> This is the 1805 th Iteration <--
--> This is the 1806 th Iteration <--
--> This is the 1807 th Iteration <--
--> This is the 1808 th Iteration <--
--> This is the 1809 th Iteration <--
--> This is the 1810 th Iteration <--
--> This is the 1811 th Iteration <--
--> This is the 1812 th Iteration <--
--> This is the 1813 th Iteration <--
--> This is the 1814 th Iteration <--
--> This is the 1815 th Iteration <--
--> This is the 1816 th Iteration <--
--> This is the 1817 th Iteration <--
--> This is the 1818 th Iteration <--
--> This is the 1819 th Iteration <--
--> This is the 1820 th Iteration <--
--> This is the 1821 th Iteration <--
--> This is the 1822 th Iteration <--
--> This is the 1823 th Iteration <--
--> This is the 1824 th Iteration <--
--> This is the 1825 th Iteration <--
--> This is the 1826 th Iteration <--
--> This is the 1827 th Iteration <--
--> This is the 1828 th Iteration <--
--> This is the 1829 th Iteration <--
--> This is the 1830 th Iteration <--
Go Back to Best-So-Far
--> This is the 1831 th Iteration <--
--> This is the 1832 th Iteration <--
--> This is the 1833 th Iteration <--
--> This is the 1834 th Iteration <--
--> This is the 1835 th Iteration <--
--> This is the 1836 th Iteration <--
--> This is the 1837 th Iteration <--
--> This is the 1838 th Iteration <--
--> This is the 1839 th Iteration <--
--> This is the 1840 th Iteration <--
--> This is the 1841 th Iteration <--
--> This is the 1842 th Iteration <--
--> This is the 1843 th Iteration <--
--> This is the 1844 th Iteration <--
--> This is the 1845 th Iteration <--
--> This is the 1846 th Iteration <--
--> This is the 1847 th Iteration <--
--> This is the 1848 th Iteration <--
--> This is the 1849 th Iteration <--
--> This is the 1850 th Iteration <--
--> This is the 1851 th Iteration <--
--> This is the 1852 th Iteration <--
--> This is the 1853 th Iteration <--
--> This is the 1854 th Iteration <--
--> This is the 1855 th Iteration <--
--> This is the 1856 th Iteration <--
--> This is the 1857 th Iteration <--
--> This is the 1858 th Iteration <--
--> This is the 1859 th Iteration <--
--> This is the 1860 th Iteration <--
Go Back to Best-So-Far
--> This is the 1861 th Iteration <--
--> This is the 1862 th Iteration <--
--> This is the 1863 th Iteration <--
--> This is the 1864 th Iteration <--
--> This is the 1865 th Iteration <--
--> This is the 1866 th Iteration <--
--> This is the 1867 th Iteration <--
--> This is the 1868 th Iteration <--
--> This is the 1869 th Iteration <--
--> This is the 1870 th Iteration <--
--> This is the 1871 th Iteration <--
--> This is the 1872 th Iteration <--
--> This is the 1873 th Iteration <--
--> This is the 1874 th Iteration <--
--> This is the 1875 th Iteration <--
--> This is the 1876 th Iteration <--
--> This is the 1877 th Iteration <--
--> This is the 1878 th Iteration <--
--> This is the 1879 th Iteration <--
--> This is the 1880 th Iteration <--
--> This is the 1881 th Iteration <--
--> This is the 1882 th Iteration <--
--> This is the 1883 th Iteration <--
--> This is the 1884 th Iteration <--
--> This is the 1885 th Iteration <--
--> This is the 1886 th Iteration <--
--> This is the 1887 th Iteration <--
--> This is the 1888 th Iteration <--
--> This is the 1889 th Iteration <--
--> This is the 1890 th Iteration <--
Go Back to Best-So-Far
--> This is the 1891 th Iteration <--
--> This is the 1892 th Iteration <--
--> This is the 1893 th Iteration <--
--> This is the 1894 th Iteration <--
--> This is the 1895 th Iteration <--
--> This is the 1896 th Iteration <--
--> This is the 1897 th Iteration <--
--> This is the 1898 th Iteration <--
--> This is the 1899 th Iteration <--
--> This is the 1900 th Iteration <--
--> This is the 1901 th Iteration <--
--> This is the 1902 th Iteration <--
--> This is the 1903 th Iteration <--
--> This is the 1904 th Iteration <--
--> This is the 1905 th Iteration <--
--> This is the 1906 th Iteration <--
--> This is the 1907 th Iteration <--
--> This is the 1908 th Iteration <--
--> This is the 1909 th Iteration <--
--> This is the 1910 th Iteration <--
--> This is the 1911 th Iteration <--
--> This is the 1912 th Iteration <--
--> This is the 1913 th Iteration <--
--> This is the 1914 th Iteration <--
--> This is the 1915 th Iteration <--
--> This is the 1916 th Iteration <--
--> This is the 1917 th Iteration <--
--> This is the 1918 th Iteration <--
--> This is the 1919 th Iteration <--
--> This is the 1920 th Iteration <--
Go Back to Best-So-Far
--> This is the 1921 th Iteration <--
--> This is the 1922 th Iteration <--
--> This is the 1923 th Iteration <--
--> This is the 1924 th Iteration <--
--> This is the 1925 th Iteration <--
--> This is the 1926 th Iteration <--
--> This is the 1927 th Iteration <--
--> This is the 1928 th Iteration <--
--> This is the 1929 th Iteration <--
--> This is the 1930 th Iteration <--
--> This is the 1931 th Iteration <--
--> This is the 1932 th Iteration <--
--> This is the 1933 th Iteration <--
--> This is the 1934 th Iteration <--
--> This is the 1935 th Iteration <--
--> This is the 1936 th Iteration <--
--> This is the 1937 th Iteration <--
--> This is the 1938 th Iteration <--
--> This is the 1939 th Iteration <--
--> This is the 1940 th Iteration <--
--> This is the 1941 th Iteration <--
--> This is the 1942 th Iteration <--
--> This is the 1943 th Iteration <--
--> This is the 1944 th Iteration <--
--> This is the 1945 th Iteration <--
--> This is the 1946 th Iteration <--
--> This is the 1947 th Iteration <--
--> This is the 1948 th Iteration <--
--> This is the 1949 th Iteration <--
--> This is the 1950 th Iteration <--
Go Back to Best-So-Far
--> This is the 1951 th Iteration <--
--> This is the 1952 th Iteration <--
--> This is the 1953 th Iteration <--
--> This is the 1954 th Iteration <--
--> This is the 1955 th Iteration <--
--> This is the 1956 th Iteration <--
--> This is the 1957 th Iteration <--
--> This is the 1958 th Iteration <--
--> This is the 1959 th Iteration <--
--> This is the 1960 th Iteration <--
--> This is the 1961 th Iteration <--
--> This is the 1962 th Iteration <--
--> This is the 1963 th Iteration <--
--> This is the 1964 th Iteration <--
--> This is the 1965 th Iteration <--
--> This is the 1966 th Iteration <--
--> This is the 1967 th Iteration <--
--> This is the 1968 th Iteration <--
--> This is the 1969 th Iteration <--
--> This is the 1970 th Iteration <--
--> This is the 1971 th Iteration <--
--> This is the 1972 th Iteration <--
--> This is the 1973 th Iteration <--
--> This is the 1974 th Iteration <--
--> This is the 1975 th Iteration <--
--> This is the 1976 th Iteration <--
--> This is the 1977 th Iteration <--
--> This is the 1978 th Iteration <--
--> This is the 1979 th Iteration <--
--> This is the 1980 th Iteration <--
Go Back to Best-So-Far
--> This is the 1981 th Iteration <--
--> This is the 1982 th Iteration <--
--> This is the 1983 th Iteration <--
--> This is the 1984 th Iteration <--
--> This is the 1985 th Iteration <--
--> This is the 1986 th Iteration <--
--> This is the 1987 th Iteration <--
--> This is the 1988 th Iteration <--
--> This is the 1989 th Iteration <--
--> This is the 1990 th Iteration <--
--> This is the 1991 th Iteration <--
--> This is the 1992 th Iteration <--
--> This is the 1993 th Iteration <--
--> This is the 1994 th Iteration <--
--> This is the 1995 th Iteration <--
--> This is the 1996 th Iteration <--
--> This is the 1997 th Iteration <--
--> This is the 1998 th Iteration <--
--> This is the 1999 th Iteration <--
--> This is the 2000 th Iteration <--
--> This is the 2001 th Iteration <--
--> This is the 2002 th Iteration <--
--> This is the 2003 th Iteration <--
--> This is the 2004 th Iteration <--
--> This is the 2005 th Iteration <--
--> This is the 2006 th Iteration <--
--> This is the 2007 th Iteration <--
--> This is the 2008 th Iteration <--
--> This is the 2009 th Iteration <--
--> This is the 2010 th Iteration <--
Go Back to Best-So-Far
--> This is the 2011 th Iteration <--
--> This is the 2012 th Iteration <--
--> This is the 2013 th Iteration <--
--> This is the 2014 th Iteration <--
--> This is the 2015 th Iteration <--
--> This is the 2016 th Iteration <--
--> This is the 2017 th Iteration <--
--> This is the 2018 th Iteration <--
--> This is the 2019 th Iteration <--
--> This is the 2020 th Iteration <--
--> This is the 2021 th Iteration <--
--> This is the 2022 th Iteration <--
--> This is the 2023 th Iteration <--
--> This is the 2024 th Iteration <--
--> This is the 2025 th Iteration <--
--> This is the 2026 th Iteration <--
--> This is the 2027 th Iteration <--
--> This is the 2028 th Iteration <--
--> This is the 2029 th Iteration <--
--> This is the 2030 th Iteration <--
--> This is the 2031 th Iteration <--
--> This is the 2032 th Iteration <--
--> This is the 2033 th Iteration <--
--> This is the 2034 th Iteration <--
--> This is the 2035 th Iteration <--
--> This is the 2036 th Iteration <--
--> This is the 2037 th Iteration <--
--> This is the 2038 th Iteration <--
--> This is the 2039 th Iteration <--
--> This is the 2040 th Iteration <--
Go Back to Best-So-Far
--> This is the 2041 th Iteration <--
--> This is the 2042 th Iteration <--
--> This is the 2043 th Iteration <--
--> This is the 2044 th Iteration <--
--> This is the 2045 th Iteration <--
--> This is the 2046 th Iteration <--
--> This is the 2047 th Iteration <--
--> This is the 2048 th Iteration <--
--> This is the 2049 th Iteration <--
--> This is the 2050 th Iteration <--
--> This is the 2051 th Iteration <--
--> This is the 2052 th Iteration <--
--> This is the 2053 th Iteration <--
--> This is the 2054 th Iteration <--
--> This is the 2055 th Iteration <--
--> This is the 2056 th Iteration <--
--> This is the 2057 th Iteration <--
--> This is the 2058 th Iteration <--
--> This is the 2059 th Iteration <--
--> This is the 2060 th Iteration <--
--> This is the 2061 th Iteration <--
--> This is the 2062 th Iteration <--
--> This is the 2063 th Iteration <--
--> This is the 2064 th Iteration <--
--> This is the 2065 th Iteration <--
--> This is the 2066 th Iteration <--
--> This is the 2067 th Iteration <--
--> This is the 2068 th Iteration <--
--> This is the 2069 th Iteration <--
--> This is the 2070 th Iteration <--
Go Back to Best-So-Far
--> This is the 2071 th Iteration <--
--> This is the 2072 th Iteration <--
--> This is the 2073 th Iteration <--
--> This is the 2074 th Iteration <--
--> This is the 2075 th Iteration <--
--> This is the 2076 th Iteration <--
--> This is the 2077 th Iteration <--
--> This is the 2078 th Iteration <--
--> This is the 2079 th Iteration <--
--> This is the 2080 th Iteration <--
--> This is the 2081 th Iteration <--
--> This is the 2082 th Iteration <--
--> This is the 2083 th Iteration <--
--> This is the 2084 th Iteration <--
--> This is the 2085 th Iteration <--
--> This is the 2086 th Iteration <--
--> This is the 2087 th Iteration <--
--> This is the 2088 th Iteration <--
--> This is the 2089 th Iteration <--
--> This is the 2090 th Iteration <--
--> This is the 2091 th Iteration <--
--> This is the 2092 th Iteration <--
--> This is the 2093 th Iteration <--
--> This is the 2094 th Iteration <--
--> This is the 2095 th Iteration <--
--> This is the 2096 th Iteration <--
--> This is the 2097 th Iteration <--
--> This is the 2098 th Iteration <--
--> This is the 2099 th Iteration <--
--> This is the 2100 th Iteration <--
Go Back to Best-So-Far
--> This is the 2101 th Iteration <--
--> This is the 2102 th Iteration <--
--> This is the 2103 th Iteration <--
--> This is the 2104 th Iteration <--
--> This is the 2105 th Iteration <--
--> This is the 2106 th Iteration <--
--> This is the 2107 th Iteration <--
--> This is the 2108 th Iteration <--
--> This is the 2109 th Iteration <--
--> This is the 2110 th Iteration <--
--> This is the 2111 th Iteration <--
--> This is the 2112 th Iteration <--
--> This is the 2113 th Iteration <--
--> This is the 2114 th Iteration <--
--> This is the 2115 th Iteration <--
--> This is the 2116 th Iteration <--
--> This is the 2117 th Iteration <--
--> This is the 2118 th Iteration <--
--> This is the 2119 th Iteration <--
--> This is the 2120 th Iteration <--
--> This is the 2121 th Iteration <--
--> This is the 2122 th Iteration <--
--> This is the 2123 th Iteration <--
--> This is the 2124 th Iteration <--
--> This is the 2125 th Iteration <--
--> This is the 2126 th Iteration <--
--> This is the 2127 th Iteration <--
--> This is the 2128 th Iteration <--
--> This is the 2129 th Iteration <--
--> This is the 2130 th Iteration <--
Go Back to Best-So-Far
--> This is the 2131 th Iteration <--
--> This is the 2132 th Iteration <--
--> This is the 2133 th Iteration <--
--> This is the 2134 th Iteration <--
--> This is the 2135 th Iteration <--
--> This is the 2136 th Iteration <--
--> This is the 2137 th Iteration <--
--> This is the 2138 th Iteration <--
--> This is the 2139 th Iteration <--
--> This is the 2140 th Iteration <--
--> This is the 2141 th Iteration <--
--> This is the 2142 th Iteration <--
--> This is the 2143 th Iteration <--
--> This is the 2144 th Iteration <--
--> This is the 2145 th Iteration <--
--> This is the 2146 th Iteration <--
--> This is the 2147 th Iteration <--
--> This is the 2148 th Iteration <--
--> This is the 2149 th Iteration <--
--> This is the 2150 th Iteration <--
--> This is the 2151 th Iteration <--
--> This is the 2152 th Iteration <--
--> This is the 2153 th Iteration <--
--> This is the 2154 th Iteration <--
--> This is the 2155 th Iteration <--
--> This is the 2156 th Iteration <--
--> This is the 2157 th Iteration <--
--> This is the 2158 th Iteration <--
--> This is the 2159 th Iteration <--
--> This is the 2160 th Iteration <--
Go Back to Best-So-Far
--> This is the 2161 th Iteration <--
--> This is the 2162 th Iteration <--
--> This is the 2163 th Iteration <--
--> This is the 2164 th Iteration <--
--> This is the 2165 th Iteration <--
--> This is the 2166 th Iteration <--
--> This is the 2167 th Iteration <--
--> This is the 2168 th Iteration <--
--> This is the 2169 th Iteration <--
--> This is the 2170 th Iteration <--
--> This is the 2171 th Iteration <--
--> This is the 2172 th Iteration <--
--> This is the 2173 th Iteration <--
--> This is the 2174 th Iteration <--
--> This is the 2175 th Iteration <--
--> This is the 2176 th Iteration <--
--> This is the 2177 th Iteration <--
--> This is the 2178 th Iteration <--
--> This is the 2179 th Iteration <--
--> This is the 2180 th Iteration <--
--> This is the 2181 th Iteration <--
--> This is the 2182 th Iteration <--
--> This is the 2183 th Iteration <--
--> This is the 2184 th Iteration <--
--> This is the 2185 th Iteration <--
--> This is the 2186 th Iteration <--
--> This is the 2187 th Iteration <--
--> This is the 2188 th Iteration <--
--> This is the 2189 th Iteration <--
--> This is the 2190 th Iteration <--
Go Back to Best-So-Far
--> This is the 2191 th Iteration <--
--> This is the 2192 th Iteration <--
--> This is the 2193 th Iteration <--
--> This is the 2194 th Iteration <--
--> This is the 2195 th Iteration <--
--> This is the 2196 th Iteration <--
--> This is the 2197 th Iteration <--
--> This is the 2198 th Iteration <--
--> This is the 2199 th Iteration <--
--> This is the 2200 th Iteration <--
--> This is the 2201 th Iteration <--
--> This is the 2202 th Iteration <--
--> This is the 2203 th Iteration <--
--> This is the 2204 th Iteration <--
--> This is the 2205 th Iteration <--
--> This is the 2206 th Iteration <--
--> This is the 2207 th Iteration <--
--> This is the 2208 th Iteration <--
--> This is the 2209 th Iteration <--
--> This is the 2210 th Iteration <--
--> This is the 2211 th Iteration <--
--> This is the 2212 th Iteration <--
--> This is the 2213 th Iteration <--
--> This is the 2214 th Iteration <--
--> This is the 2215 th Iteration <--
--> This is the 2216 th Iteration <--
--> This is the 2217 th Iteration <--
--> This is the 2218 th Iteration <--
--> This is the 2219 th Iteration <--
--> This is the 2220 th Iteration <--
Go Back to Best-So-Far
--> This is the 2221 th Iteration <--
--> This is the 2222 th Iteration <--
--> This is the 2223 th Iteration <--
--> This is the 2224 th Iteration <--
--> This is the 2225 th Iteration <--
--> This is the 2226 th Iteration <--
--> This is the 2227 th Iteration <--
--> This is the 2228 th Iteration <--
--> This is the 2229 th Iteration <--
--> This is the 2230 th Iteration <--
--> This is the 2231 th Iteration <--
--> This is the 2232 th Iteration <--
--> This is the 2233 th Iteration <--
--> This is the 2234 th Iteration <--
--> This is the 2235 th Iteration <--
--> This is the 2236 th Iteration <--
--> This is the 2237 th Iteration <--
--> This is the 2238 th Iteration <--
--> This is the 2239 th Iteration <--
--> This is the 2240 th Iteration <--
--> This is the 2241 th Iteration <--
--> This is the 2242 th Iteration <--
--> This is the 2243 th Iteration <--
--> This is the 2244 th Iteration <--
--> This is the 2245 th Iteration <--
--> This is the 2246 th Iteration <--
--> This is the 2247 th Iteration <--
--> This is the 2248 th Iteration <--
--> This is the 2249 th Iteration <--
--> This is the 2250 th Iteration <--
Go Back to Best-So-Far
--> This is the 2251 th Iteration <--
--> This is the 2252 th Iteration <--
--> This is the 2253 th Iteration <--
--> This is the 2254 th Iteration <--
--> This is the 2255 th Iteration <--
--> This is the 2256 th Iteration <--
--> This is the 2257 th Iteration <--
--> This is the 2258 th Iteration <--
--> This is the 2259 th Iteration <--
--> This is the 2260 th Iteration <--
--> This is the 2261 th Iteration <--
--> This is the 2262 th Iteration <--
--> This is the 2263 th Iteration <--
--> This is the 2264 th Iteration <--
--> This is the 2265 th Iteration <--
--> This is the 2266 th Iteration <--
--> This is the 2267 th Iteration <--
--> This is the 2268 th Iteration <--
--> This is the 2269 th Iteration <--
--> This is the 2270 th Iteration <--
--> This is the 2271 th Iteration <--
--> This is the 2272 th Iteration <--
--> This is the 2273 th Iteration <--
--> This is the 2274 th Iteration <--
--> This is the 2275 th Iteration <--
--> This is the 2276 th Iteration <--
--> This is the 2277 th Iteration <--
--> This is the 2278 th Iteration <--
--> This is the 2279 th Iteration <--
--> This is the 2280 th Iteration <--
Go Back to Best-So-Far
--> This is the 2281 th Iteration <--
--> This is the 2282 th Iteration <--
--> This is the 2283 th Iteration <--
--> This is the 2284 th Iteration <--
--> This is the 2285 th Iteration <--
--> This is the 2286 th Iteration <--
--> This is the 2287 th Iteration <--
--> This is the 2288 th Iteration <--
--> This is the 2289 th Iteration <--
--> This is the 2290 th Iteration <--
--> This is the 2291 th Iteration <--
--> This is the 2292 th Iteration <--
--> This is the 2293 th Iteration <--
--> This is the 2294 th Iteration <--
--> This is the 2295 th Iteration <--
--> This is the 2296 th Iteration <--
--> This is the 2297 th Iteration <--
--> This is the 2298 th Iteration <--
--> This is the 2299 th Iteration <--
--> This is the 2300 th Iteration <--
--> This is the 2301 th Iteration <--
--> This is the 2302 th Iteration <--
--> This is the 2303 th Iteration <--
--> This is the 2304 th Iteration <--
--> This is the 2305 th Iteration <--
--> This is the 2306 th Iteration <--
--> This is the 2307 th Iteration <--
--> This is the 2308 th Iteration <--
--> This is the 2309 th Iteration <--
--> This is the 2310 th Iteration <--
Go Back to Best-So-Far
--> This is the 2311 th Iteration <--
--> This is the 2312 th Iteration <--
--> This is the 2313 th Iteration <--
--> This is the 2314 th Iteration <--
--> This is the 2315 th Iteration <--
--> This is the 2316 th Iteration <--
--> This is the 2317 th Iteration <--
--> This is the 2318 th Iteration <--
--> This is the 2319 th Iteration <--
--> This is the 2320 th Iteration <--
--> This is the 2321 th Iteration <--
--> This is the 2322 th Iteration <--
--> This is the 2323 th Iteration <--
--> This is the 2324 th Iteration <--
--> This is the 2325 th Iteration <--
--> This is the 2326 th Iteration <--
--> This is the 2327 th Iteration <--
--> This is the 2328 th Iteration <--
--> This is the 2329 th Iteration <--
--> This is the 2330 th Iteration <--
--> This is the 2331 th Iteration <--
--> This is the 2332 th Iteration <--
--> This is the 2333 th Iteration <--
--> This is the 2334 th Iteration <--
--> This is the 2335 th Iteration <--
--> This is the 2336 th Iteration <--
--> This is the 2337 th Iteration <--
--> This is the 2338 th Iteration <--
--> This is the 2339 th Iteration <--
--> This is the 2340 th Iteration <--
Go Back to Best-So-Far
--> This is the 2341 th Iteration <--
--> This is the 2342 th Iteration <--
--> This is the 2343 th Iteration <--
--> This is the 2344 th Iteration <--
--> This is the 2345 th Iteration <--
--> This is the 2346 th Iteration <--
--> This is the 2347 th Iteration <--
--> This is the 2348 th Iteration <--
--> This is the 2349 th Iteration <--
--> This is the 2350 th Iteration <--
--> This is the 2351 th Iteration <--
--> This is the 2352 th Iteration <--
--> This is the 2353 th Iteration <--
--> This is the 2354 th Iteration <--
--> This is the 2355 th Iteration <--
--> This is the 2356 th Iteration <--
--> This is the 2357 th Iteration <--
--> This is the 2358 th Iteration <--
--> This is the 2359 th Iteration <--
--> This is the 2360 th Iteration <--
--> This is the 2361 th Iteration <--
--> This is the 2362 th Iteration <--
--> This is the 2363 th Iteration <--
--> This is the 2364 th Iteration <--
--> This is the 2365 th Iteration <--
--> This is the 2366 th Iteration <--
--> This is the 2367 th Iteration <--
--> This is the 2368 th Iteration <--
--> This is the 2369 th Iteration <--
--> This is the 2370 th Iteration <--
--> This is the 2371 th Iteration <--
--> This is the 2372 th Iteration <--
--> This is the 2373 th Iteration <--
--> This is the 2374 th Iteration <--
--> This is the 2375 th Iteration <--
--> This is the 2376 th Iteration <--
--> This is the 2377 th Iteration <--
--> This is the 2378 th Iteration <--
--> This is the 2379 th Iteration <--
--> This is the 2380 th Iteration <--
--> This is the 2381 th Iteration <--
--> This is the 2382 th Iteration <--
--> This is the 2383 th Iteration <--
--> This is the 2384 th Iteration <--
--> This is the 2385 th Iteration <--
--> This is the 2386 th Iteration <--
--> This is the 2387 th Iteration <--
--> This is the 2388 th Iteration <--
--> This is the 2389 th Iteration <--
--> This is the 2390 th Iteration <--
--> This is the 2391 th Iteration <--
--> This is the 2392 th Iteration <--
--> This is the 2393 th Iteration <--
--> This is the 2394 th Iteration <--
--> This is the 2395 th Iteration <--
--> This is the 2396 th Iteration <--
--> This is the 2397 th Iteration <--
--> This is the 2398 th Iteration <--
--> This is the 2399 th Iteration <--
--> This is the 2400 th Iteration <--
Go Back to Best-So-Far
--> This is the 2401 th Iteration <--
--> This is the 2402 th Iteration <--
--> This is the 2403 th Iteration <--
--> This is the 2404 th Iteration <--
--> This is the 2405 th Iteration <--
--> This is the 2406 th Iteration <--
--> This is the 2407 th Iteration <--
--> This is the 2408 th Iteration <--
--> This is the 2409 th Iteration <--
--> This is the 2410 th Iteration <--
--> This is the 2411 th Iteration <--
--> This is the 2412 th Iteration <--
--> This is the 2413 th Iteration <--
--> This is the 2414 th Iteration <--
--> This is the 2415 th Iteration <--
--> This is the 2416 th Iteration <--
--> This is the 2417 th Iteration <--
--> This is the 2418 th Iteration <--
--> This is the 2419 th Iteration <--
--> This is the 2420 th Iteration <--
--> This is the 2421 th Iteration <--
--> This is the 2422 th Iteration <--
--> This is the 2423 th Iteration <--
--> This is the 2424 th Iteration <--
--> This is the 2425 th Iteration <--
--> This is the 2426 th Iteration <--
--> This is the 2427 th Iteration <--
--> This is the 2428 th Iteration <--
--> This is the 2429 th Iteration <--
--> This is the 2430 th Iteration <--
Go Back to Best-So-Far
--> This is the 2431 th Iteration <--
--> This is the 2432 th Iteration <--
--> This is the 2433 th Iteration <--
--> This is the 2434 th Iteration <--
--> This is the 2435 th Iteration <--
--> This is the 2436 th Iteration <--
--> This is the 2437 th Iteration <--
--> This is the 2438 th Iteration <--
--> This is the 2439 th Iteration <--
--> This is the 2440 th Iteration <--
--> This is the 2441 th Iteration <--
--> This is the 2442 th Iteration <--
--> This is the 2443 th Iteration <--
--> This is the 2444 th Iteration <--
--> This is the 2445 th Iteration <--
--> This is the 2446 th Iteration <--
--> This is the 2447 th Iteration <--
--> This is the 2448 th Iteration <--
--> This is the 2449 th Iteration <--
--> This is the 2450 th Iteration <--
--> This is the 2451 th Iteration <--
--> This is the 2452 th Iteration <--
--> This is the 2453 th Iteration <--
--> This is the 2454 th Iteration <--
--> This is the 2455 th Iteration <--
--> This is the 2456 th Iteration <--
--> This is the 2457 th Iteration <--
--> This is the 2458 th Iteration <--
--> This is the 2459 th Iteration <--
--> This is the 2460 th Iteration <--
Go Back to Best-So-Far
--> This is the 2461 th Iteration <--
--> This is the 2462 th Iteration <--
--> This is the 2463 th Iteration <--
--> This is the 2464 th Iteration <--
--> This is the 2465 th Iteration <--
--> This is the 2466 th Iteration <--
--> This is the 2467 th Iteration <--
--> This is the 2468 th Iteration <--
--> This is the 2469 th Iteration <--
--> This is the 2470 th Iteration <--
--> This is the 2471 th Iteration <--
--> This is the 2472 th Iteration <--
--> This is the 2473 th Iteration <--
--> This is the 2474 th Iteration <--
--> This is the 2475 th Iteration <--
--> This is the 2476 th Iteration <--
--> This is the 2477 th Iteration <--
--> This is the 2478 th Iteration <--
--> This is the 2479 th Iteration <--
--> This is the 2480 th Iteration <--
--> This is the 2481 th Iteration <--
--> This is the 2482 th Iteration <--
--> This is the 2483 th Iteration <--
--> This is the 2484 th Iteration <--
--> This is the 2485 th Iteration <--
--> This is the 2486 th Iteration <--
--> This is the 2487 th Iteration <--
--> This is the 2488 th Iteration <--
--> This is the 2489 th Iteration <--
--> This is the 2490 th Iteration <--
Go Back to Best-So-Far
--> This is the 2491 th Iteration <--
--> This is the 2492 th Iteration <--
--> This is the 2493 th Iteration <--
--> This is the 2494 th Iteration <--
--> This is the 2495 th Iteration <--
--> This is the 2496 th Iteration <--
--> This is the 2497 th Iteration <--
--> This is the 2498 th Iteration <--
--> This is the 2499 th Iteration <--
--> This is the 2500 th Iteration <--
6046.441618271
DYNAMIC TABU LIST WITH ASPIRATION BEST SO FAR and MULTI-RESTART WITH RANDOM NUMBER FOR MUTATION
Initial Solution: [24, 26, 22, 31, 11, 16, 25, 30, 34, 12, 14, 1, 20, 39, 15, 5, 36, 13, 18, 19, 32, 38, 28, 10, 9, 23, 33, 21, 7, 4, 40, 35, 2, 17, 8, 6, 37, 3, 29, 27, 41]
Initial Distance: 1558.2869666117285
Min in all Iterations: [[ 4. 22. 11. 17. 26.  9.  5. 34. 37.  6.  2. 16. 27. 29. 41. 31. 23. 36.
   7.  8. 39. 32. 19. 25. 20. 35. 15. 30.  1. 40. 10. 24. 28. 18. 21. 14.
  38. 33. 12. 13.  3.]]
The Lowest Distance is: [829.953198]
The Lowest Distance Without Penalties is: 829.9531979989505
Trucks' Capacities: [74. 44. 94. 91. 14. 93.]
At Iteration #: 2237.0
